[2023-03-21T22:39:49.035+0000] {taskinstance.py:1084} INFO - Dependencies all met for dep_context=non-requeueable deps ti=<TaskInstance: dag_uniprot.uniprot scheduled__2023-03-20T00:00:00+00:00 [queued]>
[2023-03-21T22:39:49.042+0000] {taskinstance.py:1084} INFO - Dependencies all met for dep_context=requeueable deps ti=<TaskInstance: dag_uniprot.uniprot scheduled__2023-03-20T00:00:00+00:00 [queued]>
[2023-03-21T22:39:49.043+0000] {taskinstance.py:1282} INFO - 
--------------------------------------------------------------------------------
[2023-03-21T22:39:49.043+0000] {taskinstance.py:1283} INFO - Starting attempt 1 of 1
[2023-03-21T22:39:49.044+0000] {taskinstance.py:1284} INFO - 
--------------------------------------------------------------------------------
[2023-03-21T22:39:49.053+0000] {taskinstance.py:1303} INFO - Executing <Task(PythonOperator): uniprot> on 2023-03-20 00:00:00+00:00
[2023-03-21T22:39:49.058+0000] {standard_task_runner.py:55} INFO - Started process 101 to run task
[2023-03-21T22:39:49.062+0000] {standard_task_runner.py:82} INFO - Running: ['***', 'tasks', 'run', 'dag_uniprot', 'uniprot', 'scheduled__2023-03-20T00:00:00+00:00', '--job-id', '34', '--raw', '--subdir', 'DAGS_FOLDER/dag_uniprot.py', '--cfg-path', '/tmp/tmpsl9y57_r']
[2023-03-21T22:39:49.066+0000] {standard_task_runner.py:83} INFO - Job 34: Subtask uniprot
[2023-03-21T22:39:49.130+0000] {task_command.py:388} INFO - Running <TaskInstance: dag_uniprot.uniprot scheduled__2023-03-20T00:00:00+00:00 [running]> on host 74af05964be6
[2023-03-21T22:39:49.193+0000] {taskinstance.py:1511} INFO - Exporting the following env vars:
AIRFLOW_CTX_DAG_OWNER=***
AIRFLOW_CTX_DAG_ID=dag_uniprot
AIRFLOW_CTX_TASK_ID=uniprot
AIRFLOW_CTX_EXECUTION_DATE=2023-03-20T00:00:00+00:00
AIRFLOW_CTX_TRY_NUMBER=1
AIRFLOW_CTX_DAG_RUN_ID=scheduled__2023-03-20T00:00:00+00:00
[2023-03-21T22:39:49.203+0000] {logging_mixin.py:137} INFO - lets see the query
[2023-03-21T22:39:49.203+0000] {logging_mixin.py:137} INFO - CREATE (foxa2:Gene {name: 'FOXA2'})
CREATE (hnf3b:Gene {name: 'HNF3B'})
CREATE (tcf3b:Gene {name: 'TCF3B'})
CREATE (foxa2_human:Protein {name: 'FOXA2_HUMAN'})
[2023-03-21T22:39:49.356+0000] {python.py:177} INFO - Done. Returned value was: None
[2023-03-21T22:39:49.367+0000] {taskinstance.py:1326} INFO - Marking task as SUCCESS. dag_id=dag_uniprot, task_id=uniprot, execution_date=20230320T000000, start_date=20230321T223949, end_date=20230321T223949
[2023-03-21T22:39:49.395+0000] {local_task_job.py:212} INFO - Task exited with return code 0
[2023-03-21T22:39:49.412+0000] {taskinstance.py:2585} INFO - 0 downstream tasks scheduled from follow-on schedule check
