[2023-03-21T22:37:45.615+0000] {manager.py:483} INFO - Processing files using up to 2 processes at a time 
[2023-03-21T22:37:45.621+0000] {manager.py:484} INFO - Process each file at most once every 30 seconds
[2023-03-21T22:37:45.633+0000] {manager.py:486} INFO - Checking for new files in /opt/airflow/dags every 300 seconds
[2023-03-21T22:37:45.634+0000] {manager.py:726} INFO - Searching for files in /opt/airflow/dags
[2023-03-21T22:37:45.645+0000] {manager.py:729} INFO - There are 1 files in /opt/airflow/dags
[2023-03-21T22:37:45.742+0000] {manager.py:854} INFO - 
================================================================================
DAG File Processing Stats

File Path                           PID  Runtime      # DAGs    # Errors  Last Runtime    Last Run
--------------------------------  -----  ---------  --------  ----------  --------------  ----------
/opt/airflow/dags/dag_uniprot.py     34  0.05s             0           0
================================================================================
[2023-03-21T22:38:15.998+0000] {manager.py:854} INFO - 
================================================================================
DAG File Processing Stats

File Path                           PID  Runtime      # DAGs    # Errors  Last Runtime    Last Run
--------------------------------  -----  ---------  --------  ----------  --------------  -------------------
/opt/airflow/dags/dag_uniprot.py     42  0.01s             1           0  0.26s           2023-03-21T22:37:45
================================================================================
[2023-03-21T22:38:46.262+0000] {manager.py:854} INFO - 
================================================================================
DAG File Processing Stats

File Path                           PID  Runtime      # DAGs    # Errors  Last Runtime    Last Run
--------------------------------  -----  ---------  --------  ----------  --------------  -------------------
/opt/airflow/dags/dag_uniprot.py     50  0.01s             1           0  0.15s           2023-03-21T22:38:16
================================================================================
[2023-03-21T22:39:16.568+0000] {manager.py:854} INFO - 
================================================================================
DAG File Processing Stats

File Path                           PID  Runtime      # DAGs    # Errors  Last Runtime    Last Run
--------------------------------  -----  ---------  --------  ----------  --------------  -------------------
/opt/airflow/dags/dag_uniprot.py     58  0.01s             1           0  0.11s           2023-03-21T22:38:46
================================================================================
[2023-03-21T22:39:46.859+0000] {manager.py:854} INFO - 
================================================================================
DAG File Processing Stats

File Path                           PID  Runtime      # DAGs    # Errors  Last Runtime    Last Run
--------------------------------  -----  ---------  --------  ----------  --------------  -------------------
/opt/airflow/dags/dag_uniprot.py     65  0.01s             1           0  0.16s           2023-03-21T22:39:16
================================================================================
[2023-03-21T22:40:17.266+0000] {manager.py:854} INFO - 
================================================================================
DAG File Processing Stats

File Path                           PID  Runtime      # DAGs    # Errors  Last Runtime    Last Run
--------------------------------  -----  ---------  --------  ----------  --------------  -------------------
/opt/airflow/dags/dag_uniprot.py     73  0.01s             1           0  0.22s           2023-03-21T22:39:47
================================================================================
[2023-03-21T22:40:47.630+0000] {manager.py:854} INFO - 
================================================================================
DAG File Processing Stats

File Path                           PID  Runtime      # DAGs    # Errors  Last Runtime    Last Run
--------------------------------  -----  ---------  --------  ----------  --------------  -------------------
/opt/airflow/dags/dag_uniprot.py     82  0.01s             1           0  0.15s           2023-03-21T22:40:17
================================================================================
[2023-03-21T22:41:17.967+0000] {manager.py:854} INFO - 
================================================================================
DAG File Processing Stats

File Path                           PID  Runtime      # DAGs    # Errors  Last Runtime    Last Run
--------------------------------  -----  ---------  --------  ----------  --------------  -------------------
/opt/airflow/dags/dag_uniprot.py     90  0.01s             1           0  0.10s           2023-03-21T22:40:47
================================================================================
[2023-03-21T22:41:48.292+0000] {manager.py:854} INFO - 
================================================================================
DAG File Processing Stats

File Path                           PID  Runtime      # DAGs    # Errors  Last Runtime    Last Run
--------------------------------  -----  ---------  --------  ----------  --------------  -------------------
/opt/airflow/dags/dag_uniprot.py     98  0.01s             1           0  0.20s           2023-03-21T22:41:18
================================================================================
[2023-03-21T22:42:18.593+0000] {manager.py:854} INFO - 
================================================================================
DAG File Processing Stats

File Path                           PID  Runtime      # DAGs    # Errors  Last Runtime    Last Run
--------------------------------  -----  ---------  --------  ----------  --------------  -------------------
/opt/airflow/dags/dag_uniprot.py    106  0.01s             1           0  0.11s           2023-03-21T22:41:48
================================================================================
[2023-03-21T22:42:45.871+0000] {manager.py:726} INFO - Searching for files in /opt/airflow/dags
[2023-03-21T22:42:45.887+0000] {manager.py:729} INFO - There are 1 files in /opt/airflow/dags
[2023-03-21T22:42:48.946+0000] {manager.py:854} INFO - 
================================================================================
DAG File Processing Stats

File Path                           PID  Runtime      # DAGs    # Errors  Last Runtime    Last Run
--------------------------------  -----  ---------  --------  ----------  --------------  -------------------
/opt/airflow/dags/dag_uniprot.py    114  0.01s             1           0  0.12s           2023-03-21T22:42:18
================================================================================
[2023-03-21T22:43:19.317+0000] {manager.py:854} INFO - 
================================================================================
DAG File Processing Stats

File Path                           PID  Runtime      # DAGs    # Errors  Last Runtime    Last Run
--------------------------------  -----  ---------  --------  ----------  --------------  -------------------
/opt/airflow/dags/dag_uniprot.py    122  0.02s             1           0  0.14s           2023-03-21T22:42:49
================================================================================
[2023-03-21T22:43:49.663+0000] {manager.py:854} INFO - 
================================================================================
DAG File Processing Stats

File Path                           PID  Runtime      # DAGs    # Errors  Last Runtime    Last Run
--------------------------------  -----  ---------  --------  ----------  --------------  -------------------
/opt/airflow/dags/dag_uniprot.py    131  0.02s             1           0  0.14s           2023-03-21T22:43:19
================================================================================
[2023-03-21T22:44:20.000+0000] {manager.py:854} INFO - 
================================================================================
DAG File Processing Stats

File Path                           PID  Runtime      # DAGs    # Errors  Last Runtime    Last Run
--------------------------------  -----  ---------  --------  ----------  --------------  -------------------
/opt/airflow/dags/dag_uniprot.py    140  0.01s             1           0  0.13s           2023-03-21T22:43:49
================================================================================
[2023-03-21T22:44:50.341+0000] {manager.py:854} INFO - 
================================================================================
DAG File Processing Stats

File Path                           PID  Runtime      # DAGs    # Errors  Last Runtime    Last Run
--------------------------------  -----  ---------  --------  ----------  --------------  -------------------
/opt/airflow/dags/dag_uniprot.py    148  0.02s             1           0  0.11s           2023-03-21T22:44:20
================================================================================
[2023-03-21T22:45:20.679+0000] {manager.py:854} INFO - 
================================================================================
DAG File Processing Stats

File Path                           PID  Runtime      # DAGs    # Errors  Last Runtime    Last Run
--------------------------------  -----  ---------  --------  ----------  --------------  -------------------
/opt/airflow/dags/dag_uniprot.py    156  0.01s             1           0  0.13s           2023-03-21T22:44:50
================================================================================
[2023-03-21T22:45:51.047+0000] {manager.py:854} INFO - 
================================================================================
DAG File Processing Stats

File Path                           PID  Runtime      # DAGs    # Errors  Last Runtime    Last Run
--------------------------------  -----  ---------  --------  ----------  --------------  -------------------
/opt/airflow/dags/dag_uniprot.py    164  0.01s             1           0  0.10s           2023-03-21T22:45:20
================================================================================
[2023-03-21T22:46:21.423+0000] {manager.py:854} INFO - 
================================================================================
DAG File Processing Stats

File Path                           PID  Runtime      # DAGs    # Errors  Last Runtime    Last Run
--------------------------------  -----  ---------  --------  ----------  --------------  -------------------
/opt/airflow/dags/dag_uniprot.py    172  0.01s             1           0  0.12s           2023-03-21T22:45:51
================================================================================
[2023-03-21T22:46:51.753+0000] {manager.py:854} INFO - 
================================================================================
DAG File Processing Stats

File Path                           PID  Runtime      # DAGs    # Errors  Last Runtime    Last Run
--------------------------------  -----  ---------  --------  ----------  --------------  -------------------
/opt/airflow/dags/dag_uniprot.py    181  0.01s             1           0  0.13s           2023-03-21T22:46:21
================================================================================
[2023-03-21T22:47:22.126+0000] {manager.py:854} INFO - 
================================================================================
DAG File Processing Stats

File Path                           PID  Runtime      # DAGs    # Errors  Last Runtime    Last Run
--------------------------------  -----  ---------  --------  ----------  --------------  -------------------
/opt/airflow/dags/dag_uniprot.py    189  0.01s             1           0  0.11s           2023-03-21T22:46:51
================================================================================
[2023-03-21T22:47:46.389+0000] {manager.py:726} INFO - Searching for files in /opt/airflow/dags
[2023-03-21T22:47:46.400+0000] {manager.py:729} INFO - There are 1 files in /opt/airflow/dags
[2023-03-21T22:47:52.509+0000] {manager.py:854} INFO - 
================================================================================
DAG File Processing Stats

File Path                           PID  Runtime      # DAGs    # Errors  Last Runtime    Last Run
--------------------------------  -----  ---------  --------  ----------  --------------  -------------------
/opt/airflow/dags/dag_uniprot.py    197  0.00s             1           0  0.11s           2023-03-21T22:47:22
================================================================================
[2023-03-21T22:48:22.838+0000] {manager.py:854} INFO - 
================================================================================
DAG File Processing Stats

File Path                           PID  Runtime      # DAGs    # Errors  Last Runtime    Last Run
--------------------------------  -----  ---------  --------  ----------  --------------  -------------------
/opt/airflow/dags/dag_uniprot.py    205  0.01s             1           0  0.11s           2023-03-21T22:47:52
================================================================================
[2023-03-21T22:48:53.168+0000] {manager.py:854} INFO - 
================================================================================
DAG File Processing Stats

File Path                           PID  Runtime      # DAGs    # Errors  Last Runtime    Last Run
--------------------------------  -----  ---------  --------  ----------  --------------  -------------------
/opt/airflow/dags/dag_uniprot.py    213  0.02s             1           0  0.12s           2023-03-21T22:48:22
================================================================================
[2023-03-21T22:49:23.498+0000] {manager.py:854} INFO - 
================================================================================
DAG File Processing Stats

File Path                           PID  Runtime      # DAGs    # Errors  Last Runtime    Last Run
--------------------------------  -----  ---------  --------  ----------  --------------  -------------------
/opt/airflow/dags/dag_uniprot.py    221  0.01s             1           0  0.12s           2023-03-21T22:48:53
================================================================================
[2023-03-21T22:49:53.969+0000] {manager.py:854} INFO - 
================================================================================
DAG File Processing Stats

File Path                           PID  Runtime      # DAGs    # Errors  Last Runtime    Last Run
--------------------------------  -----  ---------  --------  ----------  --------------  -------------------
/opt/airflow/dags/dag_uniprot.py    229  0.01s             1           0  0.12s           2023-03-21T22:49:23
================================================================================
[2023-03-21T22:50:24.365+0000] {manager.py:854} INFO - 
================================================================================
DAG File Processing Stats

File Path                           PID  Runtime      # DAGs    # Errors  Last Runtime    Last Run
--------------------------------  -----  ---------  --------  ----------  --------------  -------------------
/opt/airflow/dags/dag_uniprot.py    237  0.02s             1           0  0.12s           2023-03-21T22:49:54
================================================================================
[2023-03-21T22:50:54.769+0000] {manager.py:854} INFO - 
================================================================================
DAG File Processing Stats

File Path                           PID  Runtime      # DAGs    # Errors  Last Runtime    Last Run
--------------------------------  -----  ---------  --------  ----------  --------------  -------------------
/opt/airflow/dags/dag_uniprot.py    245  0.02s             1           0  0.14s           2023-03-21T22:50:24
================================================================================
[2023-03-21T22:51:25.102+0000] {manager.py:854} INFO - 
================================================================================
DAG File Processing Stats

File Path                           PID  Runtime      # DAGs    # Errors  Last Runtime    Last Run
--------------------------------  -----  ---------  --------  ----------  --------------  -------------------
/opt/airflow/dags/dag_uniprot.py    253  0.02s             1           0  0.13s           2023-03-21T22:50:54
================================================================================
[2023-03-21T22:51:55.509+0000] {manager.py:854} INFO - 
================================================================================
DAG File Processing Stats

File Path                           PID  Runtime      # DAGs    # Errors  Last Runtime    Last Run
--------------------------------  -----  ---------  --------  ----------  --------------  -------------------
/opt/airflow/dags/dag_uniprot.py    261  0.02s             1           0  0.13s           2023-03-21T22:51:25
================================================================================
[2023-03-21T22:52:25.955+0000] {manager.py:854} INFO - 
================================================================================
DAG File Processing Stats

File Path                           PID  Runtime      # DAGs    # Errors  Last Runtime    Last Run
--------------------------------  -----  ---------  --------  ----------  --------------  -------------------
/opt/airflow/dags/dag_uniprot.py    270  0.02s             1           0  0.12s           2023-03-21T22:51:55
================================================================================
[2023-03-21T22:52:47.257+0000] {manager.py:726} INFO - Searching for files in /opt/airflow/dags
[2023-03-21T22:52:47.279+0000] {manager.py:729} INFO - There are 1 files in /opt/airflow/dags
[2023-03-21T22:52:56.424+0000] {manager.py:854} INFO - 
================================================================================
DAG File Processing Stats

File Path                           PID  Runtime      # DAGs    # Errors  Last Runtime    Last Run
--------------------------------  -----  ---------  --------  ----------  --------------  -------------------
/opt/airflow/dags/dag_uniprot.py    278  0.01s             1           0  0.15s           2023-03-21T22:52:26
================================================================================
[2023-03-21T22:53:26.883+0000] {manager.py:854} INFO - 
================================================================================
DAG File Processing Stats

File Path                           PID  Runtime      # DAGs    # Errors  Last Runtime    Last Run
--------------------------------  -----  ---------  --------  ----------  --------------  -------------------
/opt/airflow/dags/dag_uniprot.py    286  0.02s             1           0  0.11s           2023-03-21T22:52:56
================================================================================
[2023-03-21T22:53:57.236+0000] {manager.py:854} INFO - 
================================================================================
DAG File Processing Stats

File Path                           PID  Runtime      # DAGs    # Errors  Last Runtime    Last Run
--------------------------------  -----  ---------  --------  ----------  --------------  -------------------
/opt/airflow/dags/dag_uniprot.py    294  0.02s             1           0  0.12s           2023-03-21T22:53:26
================================================================================
[2023-03-21T22:54:27.570+0000] {manager.py:854} INFO - 
================================================================================
DAG File Processing Stats

File Path                           PID  Runtime      # DAGs    # Errors  Last Runtime    Last Run
--------------------------------  -----  ---------  --------  ----------  --------------  -------------------
/opt/airflow/dags/dag_uniprot.py    302  0.01s             1           0  0.12s           2023-03-21T22:53:57
================================================================================
[2023-03-21T22:54:57.921+0000] {manager.py:854} INFO - 
================================================================================
DAG File Processing Stats

File Path                           PID  Runtime      # DAGs    # Errors  Last Runtime    Last Run
--------------------------------  -----  ---------  --------  ----------  --------------  -------------------
/opt/airflow/dags/dag_uniprot.py    310  0.01s             1           0  0.13s           2023-03-21T22:54:27
================================================================================
[2023-03-21T22:55:28.273+0000] {manager.py:854} INFO - 
================================================================================
DAG File Processing Stats

File Path                           PID  Runtime      # DAGs    # Errors  Last Runtime    Last Run
--------------------------------  -----  ---------  --------  ----------  --------------  -------------------
/opt/airflow/dags/dag_uniprot.py    318  0.02s             1           0  0.12s           2023-03-21T22:54:58
================================================================================
[2023-03-21T22:55:58.608+0000] {manager.py:854} INFO - 
================================================================================
DAG File Processing Stats

File Path                           PID  Runtime      # DAGs    # Errors  Last Runtime    Last Run
--------------------------------  -----  ---------  --------  ----------  --------------  -------------------
/opt/airflow/dags/dag_uniprot.py    326  0.00s             1           0  0.12s           2023-03-21T22:55:28
================================================================================
[2023-03-21T22:56:28.998+0000] {manager.py:854} INFO - 
================================================================================
DAG File Processing Stats

File Path                           PID  Runtime      # DAGs    # Errors  Last Runtime    Last Run
--------------------------------  -----  ---------  --------  ----------  --------------  -------------------
/opt/airflow/dags/dag_uniprot.py    333  0.01s             1           0  0.11s           2023-03-21T22:55:58
================================================================================
[2023-03-21T22:56:59.357+0000] {manager.py:854} INFO - 
================================================================================
DAG File Processing Stats

File Path                           PID  Runtime      # DAGs    # Errors  Last Runtime    Last Run
--------------------------------  -----  ---------  --------  ----------  --------------  -------------------
/opt/airflow/dags/dag_uniprot.py    341  0.00s             1           0  0.12s           2023-03-21T22:56:29
================================================================================
[2023-03-21T22:57:29.685+0000] {manager.py:854} INFO - 
================================================================================
DAG File Processing Stats

File Path                           PID  Runtime      # DAGs    # Errors  Last Runtime    Last Run
--------------------------------  -----  ---------  --------  ----------  --------------  -------------------
/opt/airflow/dags/dag_uniprot.py    348  0.00s             1           0  0.10s           2023-03-21T22:56:59
================================================================================
[2023-03-21T22:57:47.873+0000] {manager.py:726} INFO - Searching for files in /opt/airflow/dags
[2023-03-21T22:57:47.894+0000] {manager.py:729} INFO - There are 1 files in /opt/airflow/dags
[2023-03-21T22:58:00.086+0000] {manager.py:854} INFO - 
================================================================================
DAG File Processing Stats

File Path                           PID  Runtime      # DAGs    # Errors  Last Runtime    Last Run
--------------------------------  -----  ---------  --------  ----------  --------------  -------------------
/opt/airflow/dags/dag_uniprot.py    356  0.01s             1           0  0.10s           2023-03-21T22:57:29
================================================================================
[2023-03-21T22:58:30.401+0000] {manager.py:854} INFO - 
================================================================================
DAG File Processing Stats

File Path                           PID  Runtime      # DAGs    # Errors  Last Runtime    Last Run
--------------------------------  -----  ---------  --------  ----------  --------------  -------------------
/opt/airflow/dags/dag_uniprot.py    364  0.00s             1           0  0.12s           2023-03-21T22:58:00
================================================================================
[2023-03-21T22:59:00.750+0000] {manager.py:854} INFO - 
================================================================================
DAG File Processing Stats

File Path                           PID  Runtime      # DAGs    # Errors  Last Runtime    Last Run
--------------------------------  -----  ---------  --------  ----------  --------------  -------------------
/opt/airflow/dags/dag_uniprot.py    372  0.01s             1           0  0.10s           2023-03-21T22:58:30
================================================================================
[2023-03-21T22:59:31.107+0000] {manager.py:854} INFO - 
================================================================================
DAG File Processing Stats

File Path                           PID  Runtime      # DAGs    # Errors  Last Runtime    Last Run
--------------------------------  -----  ---------  --------  ----------  --------------  -------------------
/opt/airflow/dags/dag_uniprot.py    380  0.01s             1           0  0.11s           2023-03-21T22:59:00
================================================================================
[2023-03-21T23:00:01.477+0000] {manager.py:854} INFO - 
================================================================================
DAG File Processing Stats

File Path                           PID  Runtime      # DAGs    # Errors  Last Runtime    Last Run
--------------------------------  -----  ---------  --------  ----------  --------------  -------------------
/opt/airflow/dags/dag_uniprot.py    388  0.02s             1           0  0.13s           2023-03-21T22:59:31
================================================================================
[2023-03-21T23:00:31.803+0000] {manager.py:854} INFO - 
================================================================================
DAG File Processing Stats

File Path                           PID  Runtime      # DAGs    # Errors  Last Runtime    Last Run
--------------------------------  -----  ---------  --------  ----------  --------------  -------------------
/opt/airflow/dags/dag_uniprot.py    396  0.01s             1           0  0.13s           2023-03-21T23:00:01
================================================================================
[2023-03-21T23:01:02.122+0000] {manager.py:854} INFO - 
================================================================================
DAG File Processing Stats

File Path                           PID  Runtime      # DAGs    # Errors  Last Runtime    Last Run
--------------------------------  -----  ---------  --------  ----------  --------------  -------------------
/opt/airflow/dags/dag_uniprot.py    405  0.01s             1           0  0.13s           2023-03-21T23:00:31
================================================================================
[2023-03-21T23:01:32.473+0000] {manager.py:854} INFO - 
================================================================================
DAG File Processing Stats

File Path                           PID  Runtime      # DAGs    # Errors  Last Runtime    Last Run
--------------------------------  -----  ---------  --------  ----------  --------------  -------------------
/opt/airflow/dags/dag_uniprot.py    413  0.03s             1           0  0.13s           2023-03-21T23:01:02
================================================================================
[2023-03-21T23:02:02.867+0000] {manager.py:854} INFO - 
================================================================================
DAG File Processing Stats

File Path                           PID  Runtime      # DAGs    # Errors  Last Runtime    Last Run
--------------------------------  -----  ---------  --------  ----------  --------------  -------------------
/opt/airflow/dags/dag_uniprot.py    421  0.02s             1           0  0.19s           2023-03-21T23:01:32
================================================================================
[2023-03-21T23:02:33.193+0000] {manager.py:854} INFO - 
================================================================================
DAG File Processing Stats

File Path                           PID  Runtime      # DAGs    # Errors  Last Runtime    Last Run
--------------------------------  -----  ---------  --------  ----------  --------------  -------------------
/opt/airflow/dags/dag_uniprot.py    429  0.02s             1           0  0.12s           2023-03-21T23:02:02
================================================================================
[2023-03-21T23:02:48.327+0000] {manager.py:726} INFO - Searching for files in /opt/airflow/dags
[2023-03-21T23:02:48.344+0000] {manager.py:729} INFO - There are 1 files in /opt/airflow/dags
[2023-03-21T23:03:03.526+0000] {manager.py:854} INFO - 
================================================================================
DAG File Processing Stats

File Path                           PID  Runtime      # DAGs    # Errors  Last Runtime    Last Run
--------------------------------  -----  ---------  --------  ----------  --------------  -------------------
/opt/airflow/dags/dag_uniprot.py    437  0.01s             1           0  0.14s           2023-03-21T23:02:33
================================================================================
[2023-03-21T23:03:33.844+0000] {manager.py:854} INFO - 
================================================================================
DAG File Processing Stats

File Path                           PID  Runtime      # DAGs    # Errors  Last Runtime    Last Run
--------------------------------  -----  ---------  --------  ----------  --------------  -------------------
/opt/airflow/dags/dag_uniprot.py    445  0.02s             1           0  0.12s           2023-03-21T23:03:03
================================================================================
[2023-03-21T23:04:04.129+0000] {manager.py:854} INFO - 
================================================================================
DAG File Processing Stats

File Path                           PID  Runtime      # DAGs    # Errors  Last Runtime    Last Run
--------------------------------  -----  ---------  --------  ----------  --------------  -------------------
/opt/airflow/dags/dag_uniprot.py    453  0.02s             1           0  0.14s           2023-03-21T23:03:33
================================================================================
[2023-03-21T23:04:34.476+0000] {manager.py:854} INFO - 
================================================================================
DAG File Processing Stats

File Path                           PID  Runtime      # DAGs    # Errors  Last Runtime    Last Run
--------------------------------  -----  ---------  --------  ----------  --------------  -------------------
/opt/airflow/dags/dag_uniprot.py    461  0.01s             1           0  0.15s           2023-03-21T23:04:04
================================================================================
[2023-03-21T23:05:04.767+0000] {manager.py:854} INFO - 
================================================================================
DAG File Processing Stats

File Path                           PID  Runtime      # DAGs    # Errors  Last Runtime    Last Run
--------------------------------  -----  ---------  --------  ----------  --------------  -------------------
/opt/airflow/dags/dag_uniprot.py    469  0.01s             1           0  0.09s           2023-03-21T23:04:34
================================================================================
[2023-03-21T23:05:35.159+0000] {manager.py:854} INFO - 
================================================================================
DAG File Processing Stats

File Path                           PID  Runtime      # DAGs    # Errors  Last Runtime    Last Run
--------------------------------  -----  ---------  --------  ----------  --------------  -------------------
/opt/airflow/dags/dag_uniprot.py    477  0.02s             1           0  0.11s           2023-03-21T23:05:04
================================================================================
[2023-03-21T23:06:05.511+0000] {manager.py:854} INFO - 
================================================================================
DAG File Processing Stats

File Path                           PID  Runtime      # DAGs    # Errors  Last Runtime    Last Run
--------------------------------  -----  ---------  --------  ----------  --------------  -------------------
/opt/airflow/dags/dag_uniprot.py    485  0.01s             1           0  0.14s           2023-03-21T23:05:35
================================================================================
[2023-03-21T23:06:35.828+0000] {manager.py:854} INFO - 
================================================================================
DAG File Processing Stats

File Path                           PID  Runtime      # DAGs    # Errors  Last Runtime    Last Run
--------------------------------  -----  ---------  --------  ----------  --------------  -------------------
/opt/airflow/dags/dag_uniprot.py    493  0.02s             1           0  0.12s           2023-03-21T23:06:05
================================================================================
[2023-03-21T23:06:57.697+0000] {manager.py:465} INFO - Exiting gracefully upon receiving signal 15
