[2023-03-21T22:37:45.718+0000] {processor.py:153} INFO - Started process (PID=34) to work on /opt/airflow/dags/dag_uniprot.py
[2023-03-21T22:37:45.720+0000] {processor.py:743} INFO - Processing file /opt/airflow/dags/dag_uniprot.py for tasks to queue
[2023-03-21T22:37:45.721+0000] {logging_mixin.py:137} INFO - [2023-03-21T22:37:45.721+0000] {dagbag.py:532} INFO - Filling up the DagBag from /opt/airflow/dags/dag_uniprot.py
[2023-03-21T22:37:45.787+0000] {processor.py:753} INFO - DAG(s) dict_keys(['dag_uniprot']) retrieved from /opt/airflow/dags/dag_uniprot.py
[2023-03-21T22:37:45.898+0000] {logging_mixin.py:137} INFO - [2023-03-21T22:37:45.897+0000] {dag.py:2693} INFO - Sync 1 DAGs
[2023-03-21T22:37:45.922+0000] {logging_mixin.py:137} INFO - [2023-03-21T22:37:45.922+0000] {dag.py:3444} INFO - Setting next_dagrun for dag_uniprot to 2023-03-21T00:00:00+00:00, run_after=2023-03-22T00:00:00+00:00
[2023-03-21T22:37:45.938+0000] {processor.py:175} INFO - Processing /opt/airflow/dags/dag_uniprot.py took 0.224 seconds
[2023-03-21T22:38:16.011+0000] {processor.py:153} INFO - Started process (PID=42) to work on /opt/airflow/dags/dag_uniprot.py
[2023-03-21T22:38:16.013+0000] {processor.py:743} INFO - Processing file /opt/airflow/dags/dag_uniprot.py for tasks to queue
[2023-03-21T22:38:16.014+0000] {logging_mixin.py:137} INFO - [2023-03-21T22:38:16.014+0000] {dagbag.py:532} INFO - Filling up the DagBag from /opt/airflow/dags/dag_uniprot.py
[2023-03-21T22:38:16.054+0000] {processor.py:753} INFO - DAG(s) dict_keys(['dag_uniprot']) retrieved from /opt/airflow/dags/dag_uniprot.py
[2023-03-21T22:38:16.087+0000] {logging_mixin.py:137} INFO - [2023-03-21T22:38:16.086+0000] {dag.py:2693} INFO - Sync 1 DAGs
[2023-03-21T22:38:16.110+0000] {logging_mixin.py:137} INFO - [2023-03-21T22:38:16.110+0000] {dag.py:3444} INFO - Setting next_dagrun for dag_uniprot to 2023-03-21T00:00:00+00:00, run_after=2023-03-22T00:00:00+00:00
[2023-03-21T22:38:16.124+0000] {processor.py:175} INFO - Processing /opt/airflow/dags/dag_uniprot.py took 0.117 seconds
[2023-03-21T22:38:46.276+0000] {processor.py:153} INFO - Started process (PID=50) to work on /opt/airflow/dags/dag_uniprot.py
[2023-03-21T22:38:46.279+0000] {processor.py:743} INFO - Processing file /opt/airflow/dags/dag_uniprot.py for tasks to queue
[2023-03-21T22:38:46.280+0000] {logging_mixin.py:137} INFO - [2023-03-21T22:38:46.280+0000] {dagbag.py:532} INFO - Filling up the DagBag from /opt/airflow/dags/dag_uniprot.py
[2023-03-21T22:38:46.302+0000] {processor.py:753} INFO - DAG(s) dict_keys(['dag_uniprot']) retrieved from /opt/airflow/dags/dag_uniprot.py
[2023-03-21T22:38:46.325+0000] {logging_mixin.py:137} INFO - [2023-03-21T22:38:46.325+0000] {dag.py:2693} INFO - Sync 1 DAGs
[2023-03-21T22:38:46.343+0000] {logging_mixin.py:137} INFO - [2023-03-21T22:38:46.343+0000] {dag.py:3444} INFO - Setting next_dagrun for dag_uniprot to 2023-03-21T00:00:00+00:00, run_after=2023-03-22T00:00:00+00:00
[2023-03-21T22:38:46.355+0000] {processor.py:175} INFO - Processing /opt/airflow/dags/dag_uniprot.py took 0.083 seconds
[2023-03-21T22:39:16.579+0000] {processor.py:153} INFO - Started process (PID=58) to work on /opt/airflow/dags/dag_uniprot.py
[2023-03-21T22:39:16.581+0000] {processor.py:743} INFO - Processing file /opt/airflow/dags/dag_uniprot.py for tasks to queue
[2023-03-21T22:39:16.582+0000] {logging_mixin.py:137} INFO - [2023-03-21T22:39:16.582+0000] {dagbag.py:532} INFO - Filling up the DagBag from /opt/airflow/dags/dag_uniprot.py
[2023-03-21T22:39:16.610+0000] {processor.py:753} INFO - DAG(s) dict_keys(['dag_uniprot']) retrieved from /opt/airflow/dags/dag_uniprot.py
[2023-03-21T22:39:16.642+0000] {logging_mixin.py:137} INFO - [2023-03-21T22:39:16.642+0000] {dag.py:2693} INFO - Sync 1 DAGs
[2023-03-21T22:39:16.684+0000] {logging_mixin.py:137} INFO - [2023-03-21T22:39:16.683+0000] {dag.py:3444} INFO - Setting next_dagrun for dag_uniprot to 2023-03-21T00:00:00+00:00, run_after=2023-03-22T00:00:00+00:00
[2023-03-21T22:39:16.700+0000] {processor.py:175} INFO - Processing /opt/airflow/dags/dag_uniprot.py took 0.124 seconds
[2023-03-21T22:39:46.876+0000] {processor.py:153} INFO - Started process (PID=65) to work on /opt/airflow/dags/dag_uniprot.py
[2023-03-21T22:39:46.878+0000] {processor.py:743} INFO - Processing file /opt/airflow/dags/dag_uniprot.py for tasks to queue
[2023-03-21T22:39:46.879+0000] {logging_mixin.py:137} INFO - [2023-03-21T22:39:46.879+0000] {dagbag.py:532} INFO - Filling up the DagBag from /opt/airflow/dags/dag_uniprot.py
[2023-03-21T22:39:46.902+0000] {processor.py:753} INFO - DAG(s) dict_keys(['dag_uniprot']) retrieved from /opt/airflow/dags/dag_uniprot.py
[2023-03-21T22:39:46.929+0000] {logging_mixin.py:137} INFO - [2023-03-21T22:39:46.929+0000] {dag.py:2693} INFO - Sync 1 DAGs
[2023-03-21T22:39:46.984+0000] {logging_mixin.py:137} INFO - [2023-03-21T22:39:46.984+0000] {dag.py:3444} INFO - Setting next_dagrun for dag_uniprot to 2023-03-20T00:00:00+00:00, run_after=2023-03-21T00:00:00+00:00
[2023-03-21T22:39:47.025+0000] {processor.py:175} INFO - Processing /opt/airflow/dags/dag_uniprot.py took 0.155 seconds
[2023-03-21T22:40:17.290+0000] {processor.py:153} INFO - Started process (PID=73) to work on /opt/airflow/dags/dag_uniprot.py
[2023-03-21T22:40:17.293+0000] {processor.py:743} INFO - Processing file /opt/airflow/dags/dag_uniprot.py for tasks to queue
[2023-03-21T22:40:17.295+0000] {logging_mixin.py:137} INFO - [2023-03-21T22:40:17.295+0000] {dagbag.py:532} INFO - Filling up the DagBag from /opt/airflow/dags/dag_uniprot.py
[2023-03-21T22:40:17.320+0000] {processor.py:753} INFO - DAG(s) dict_keys(['dag_uniprot']) retrieved from /opt/airflow/dags/dag_uniprot.py
[2023-03-21T22:40:17.350+0000] {logging_mixin.py:137} INFO - [2023-03-21T22:40:17.350+0000] {dag.py:2693} INFO - Sync 1 DAGs
[2023-03-21T22:40:17.371+0000] {logging_mixin.py:137} INFO - [2023-03-21T22:40:17.371+0000] {dag.py:3444} INFO - Setting next_dagrun for dag_uniprot to 2023-03-21T00:00:00+00:00, run_after=2023-03-22T00:00:00+00:00
[2023-03-21T22:40:17.383+0000] {processor.py:175} INFO - Processing /opt/airflow/dags/dag_uniprot.py took 0.100 seconds
[2023-03-21T22:40:47.640+0000] {processor.py:153} INFO - Started process (PID=82) to work on /opt/airflow/dags/dag_uniprot.py
[2023-03-21T22:40:47.642+0000] {processor.py:743} INFO - Processing file /opt/airflow/dags/dag_uniprot.py for tasks to queue
[2023-03-21T22:40:47.643+0000] {logging_mixin.py:137} INFO - [2023-03-21T22:40:47.643+0000] {dagbag.py:532} INFO - Filling up the DagBag from /opt/airflow/dags/dag_uniprot.py
[2023-03-21T22:40:47.661+0000] {processor.py:753} INFO - DAG(s) dict_keys(['dag_uniprot']) retrieved from /opt/airflow/dags/dag_uniprot.py
[2023-03-21T22:40:47.681+0000] {logging_mixin.py:137} INFO - [2023-03-21T22:40:47.681+0000] {dag.py:2693} INFO - Sync 1 DAGs
[2023-03-21T22:40:47.698+0000] {logging_mixin.py:137} INFO - [2023-03-21T22:40:47.698+0000] {dag.py:3444} INFO - Setting next_dagrun for dag_uniprot to 2023-03-21T00:00:00+00:00, run_after=2023-03-22T00:00:00+00:00
[2023-03-21T22:40:47.708+0000] {processor.py:175} INFO - Processing /opt/airflow/dags/dag_uniprot.py took 0.072 seconds
[2023-03-21T22:41:17.984+0000] {processor.py:153} INFO - Started process (PID=90) to work on /opt/airflow/dags/dag_uniprot.py
[2023-03-21T22:41:17.985+0000] {processor.py:743} INFO - Processing file /opt/airflow/dags/dag_uniprot.py for tasks to queue
[2023-03-21T22:41:17.986+0000] {logging_mixin.py:137} INFO - [2023-03-21T22:41:17.986+0000] {dagbag.py:532} INFO - Filling up the DagBag from /opt/airflow/dags/dag_uniprot.py
[2023-03-21T22:41:18.015+0000] {processor.py:753} INFO - DAG(s) dict_keys(['dag_uniprot']) retrieved from /opt/airflow/dags/dag_uniprot.py
[2023-03-21T22:41:18.086+0000] {logging_mixin.py:137} INFO - [2023-03-21T22:41:18.086+0000] {dag.py:2693} INFO - Sync 1 DAGs
[2023-03-21T22:41:18.122+0000] {logging_mixin.py:137} INFO - [2023-03-21T22:41:18.121+0000] {dag.py:3444} INFO - Setting next_dagrun for dag_uniprot to 2023-03-21T00:00:00+00:00, run_after=2023-03-22T00:00:00+00:00
[2023-03-21T22:41:18.138+0000] {processor.py:175} INFO - Processing /opt/airflow/dags/dag_uniprot.py took 0.159 seconds
[2023-03-21T22:41:48.302+0000] {processor.py:153} INFO - Started process (PID=98) to work on /opt/airflow/dags/dag_uniprot.py
[2023-03-21T22:41:48.304+0000] {processor.py:743} INFO - Processing file /opt/airflow/dags/dag_uniprot.py for tasks to queue
[2023-03-21T22:41:48.305+0000] {logging_mixin.py:137} INFO - [2023-03-21T22:41:48.305+0000] {dagbag.py:532} INFO - Filling up the DagBag from /opt/airflow/dags/dag_uniprot.py
[2023-03-21T22:41:48.326+0000] {processor.py:753} INFO - DAG(s) dict_keys(['dag_uniprot']) retrieved from /opt/airflow/dags/dag_uniprot.py
[2023-03-21T22:41:48.349+0000] {logging_mixin.py:137} INFO - [2023-03-21T22:41:48.349+0000] {dag.py:2693} INFO - Sync 1 DAGs
[2023-03-21T22:41:48.367+0000] {logging_mixin.py:137} INFO - [2023-03-21T22:41:48.367+0000] {dag.py:3444} INFO - Setting next_dagrun for dag_uniprot to 2023-03-21T00:00:00+00:00, run_after=2023-03-22T00:00:00+00:00
[2023-03-21T22:41:48.379+0000] {processor.py:175} INFO - Processing /opt/airflow/dags/dag_uniprot.py took 0.080 seconds
[2023-03-21T22:42:18.610+0000] {processor.py:153} INFO - Started process (PID=106) to work on /opt/airflow/dags/dag_uniprot.py
[2023-03-21T22:42:18.612+0000] {processor.py:743} INFO - Processing file /opt/airflow/dags/dag_uniprot.py for tasks to queue
[2023-03-21T22:42:18.613+0000] {logging_mixin.py:137} INFO - [2023-03-21T22:42:18.613+0000] {dagbag.py:532} INFO - Filling up the DagBag from /opt/airflow/dags/dag_uniprot.py
[2023-03-21T22:42:18.634+0000] {processor.py:753} INFO - DAG(s) dict_keys(['dag_uniprot']) retrieved from /opt/airflow/dags/dag_uniprot.py
[2023-03-21T22:42:18.661+0000] {logging_mixin.py:137} INFO - [2023-03-21T22:42:18.661+0000] {dag.py:2693} INFO - Sync 1 DAGs
[2023-03-21T22:42:18.681+0000] {logging_mixin.py:137} INFO - [2023-03-21T22:42:18.681+0000] {dag.py:3444} INFO - Setting next_dagrun for dag_uniprot to 2023-03-20T00:00:00+00:00, run_after=2023-03-21T00:00:00+00:00
[2023-03-21T22:42:18.695+0000] {processor.py:175} INFO - Processing /opt/airflow/dags/dag_uniprot.py took 0.089 seconds
[2023-03-21T22:42:48.961+0000] {processor.py:153} INFO - Started process (PID=114) to work on /opt/airflow/dags/dag_uniprot.py
[2023-03-21T22:42:48.963+0000] {processor.py:743} INFO - Processing file /opt/airflow/dags/dag_uniprot.py for tasks to queue
[2023-03-21T22:42:48.965+0000] {logging_mixin.py:137} INFO - [2023-03-21T22:42:48.964+0000] {dagbag.py:532} INFO - Filling up the DagBag from /opt/airflow/dags/dag_uniprot.py
[2023-03-21T22:42:48.994+0000] {processor.py:753} INFO - DAG(s) dict_keys(['dag_uniprot']) retrieved from /opt/airflow/dags/dag_uniprot.py
[2023-03-21T22:42:49.024+0000] {logging_mixin.py:137} INFO - [2023-03-21T22:42:49.024+0000] {dag.py:2693} INFO - Sync 1 DAGs
[2023-03-21T22:42:49.045+0000] {logging_mixin.py:137} INFO - [2023-03-21T22:42:49.045+0000] {dag.py:3444} INFO - Setting next_dagrun for dag_uniprot to 2023-03-20T00:00:00+00:00, run_after=2023-03-21T00:00:00+00:00
[2023-03-21T22:42:49.058+0000] {processor.py:175} INFO - Processing /opt/airflow/dags/dag_uniprot.py took 0.101 seconds
[2023-03-21T22:43:19.339+0000] {processor.py:153} INFO - Started process (PID=122) to work on /opt/airflow/dags/dag_uniprot.py
[2023-03-21T22:43:19.342+0000] {processor.py:743} INFO - Processing file /opt/airflow/dags/dag_uniprot.py for tasks to queue
[2023-03-21T22:43:19.343+0000] {logging_mixin.py:137} INFO - [2023-03-21T22:43:19.343+0000] {dagbag.py:532} INFO - Filling up the DagBag from /opt/airflow/dags/dag_uniprot.py
[2023-03-21T22:43:19.366+0000] {processor.py:753} INFO - DAG(s) dict_keys(['dag_uniprot']) retrieved from /opt/airflow/dags/dag_uniprot.py
[2023-03-21T22:43:19.389+0000] {logging_mixin.py:137} INFO - [2023-03-21T22:43:19.389+0000] {dag.py:2693} INFO - Sync 1 DAGs
[2023-03-21T22:43:19.409+0000] {logging_mixin.py:137} INFO - [2023-03-21T22:43:19.409+0000] {dag.py:3444} INFO - Setting next_dagrun for dag_uniprot to 2023-03-20T00:00:00+00:00, run_after=2023-03-21T00:00:00+00:00
[2023-03-21T22:43:19.421+0000] {processor.py:175} INFO - Processing /opt/airflow/dags/dag_uniprot.py took 0.087 seconds
[2023-03-21T22:43:49.682+0000] {processor.py:153} INFO - Started process (PID=131) to work on /opt/airflow/dags/dag_uniprot.py
[2023-03-21T22:43:49.684+0000] {processor.py:743} INFO - Processing file /opt/airflow/dags/dag_uniprot.py for tasks to queue
[2023-03-21T22:43:49.685+0000] {logging_mixin.py:137} INFO - [2023-03-21T22:43:49.685+0000] {dagbag.py:532} INFO - Filling up the DagBag from /opt/airflow/dags/dag_uniprot.py
[2023-03-21T22:43:49.710+0000] {processor.py:753} INFO - DAG(s) dict_keys(['dag_uniprot']) retrieved from /opt/airflow/dags/dag_uniprot.py
[2023-03-21T22:43:49.735+0000] {logging_mixin.py:137} INFO - [2023-03-21T22:43:49.735+0000] {dag.py:2693} INFO - Sync 1 DAGs
[2023-03-21T22:43:49.753+0000] {logging_mixin.py:137} INFO - [2023-03-21T22:43:49.753+0000] {dag.py:3444} INFO - Setting next_dagrun for dag_uniprot to 2023-03-20T00:00:00+00:00, run_after=2023-03-21T00:00:00+00:00
[2023-03-21T22:43:49.766+0000] {processor.py:175} INFO - Processing /opt/airflow/dags/dag_uniprot.py took 0.090 seconds
[2023-03-21T22:44:20.014+0000] {processor.py:153} INFO - Started process (PID=140) to work on /opt/airflow/dags/dag_uniprot.py
[2023-03-21T22:44:20.016+0000] {processor.py:743} INFO - Processing file /opt/airflow/dags/dag_uniprot.py for tasks to queue
[2023-03-21T22:44:20.018+0000] {logging_mixin.py:137} INFO - [2023-03-21T22:44:20.018+0000] {dagbag.py:532} INFO - Filling up the DagBag from /opt/airflow/dags/dag_uniprot.py
[2023-03-21T22:44:20.040+0000] {processor.py:753} INFO - DAG(s) dict_keys(['dag_uniprot']) retrieved from /opt/airflow/dags/dag_uniprot.py
[2023-03-21T22:44:20.064+0000] {logging_mixin.py:137} INFO - [2023-03-21T22:44:20.064+0000] {dag.py:2693} INFO - Sync 1 DAGs
[2023-03-21T22:44:20.081+0000] {logging_mixin.py:137} INFO - [2023-03-21T22:44:20.081+0000] {dag.py:3444} INFO - Setting next_dagrun for dag_uniprot to 2023-03-20T00:00:00+00:00, run_after=2023-03-21T00:00:00+00:00
[2023-03-21T22:44:20.092+0000] {processor.py:175} INFO - Processing /opt/airflow/dags/dag_uniprot.py took 0.082 seconds
[2023-03-21T22:44:50.354+0000] {processor.py:153} INFO - Started process (PID=148) to work on /opt/airflow/dags/dag_uniprot.py
[2023-03-21T22:44:50.356+0000] {processor.py:743} INFO - Processing file /opt/airflow/dags/dag_uniprot.py for tasks to queue
[2023-03-21T22:44:50.357+0000] {logging_mixin.py:137} INFO - [2023-03-21T22:44:50.356+0000] {dagbag.py:532} INFO - Filling up the DagBag from /opt/airflow/dags/dag_uniprot.py
[2023-03-21T22:44:50.379+0000] {processor.py:753} INFO - DAG(s) dict_keys(['dag_uniprot']) retrieved from /opt/airflow/dags/dag_uniprot.py
[2023-03-21T22:44:50.406+0000] {logging_mixin.py:137} INFO - [2023-03-21T22:44:50.406+0000] {dag.py:2693} INFO - Sync 1 DAGs
[2023-03-21T22:44:50.427+0000] {logging_mixin.py:137} INFO - [2023-03-21T22:44:50.427+0000] {dag.py:3444} INFO - Setting next_dagrun for dag_uniprot to 2023-03-20T00:00:00+00:00, run_after=2023-03-21T00:00:00+00:00
[2023-03-21T22:44:50.441+0000] {processor.py:175} INFO - Processing /opt/airflow/dags/dag_uniprot.py took 0.091 seconds
[2023-03-21T22:45:20.687+0000] {processor.py:153} INFO - Started process (PID=156) to work on /opt/airflow/dags/dag_uniprot.py
[2023-03-21T22:45:20.688+0000] {processor.py:743} INFO - Processing file /opt/airflow/dags/dag_uniprot.py for tasks to queue
[2023-03-21T22:45:20.689+0000] {logging_mixin.py:137} INFO - [2023-03-21T22:45:20.689+0000] {dagbag.py:532} INFO - Filling up the DagBag from /opt/airflow/dags/dag_uniprot.py
[2023-03-21T22:45:20.704+0000] {processor.py:753} INFO - DAG(s) dict_keys(['dag_uniprot']) retrieved from /opt/airflow/dags/dag_uniprot.py
[2023-03-21T22:45:20.729+0000] {logging_mixin.py:137} INFO - [2023-03-21T22:45:20.729+0000] {dag.py:2693} INFO - Sync 1 DAGs
[2023-03-21T22:45:20.745+0000] {logging_mixin.py:137} INFO - [2023-03-21T22:45:20.745+0000] {dag.py:3444} INFO - Setting next_dagrun for dag_uniprot to 2023-03-20T00:00:00+00:00, run_after=2023-03-21T00:00:00+00:00
[2023-03-21T22:45:20.756+0000] {processor.py:175} INFO - Processing /opt/airflow/dags/dag_uniprot.py took 0.071 seconds
[2023-03-21T22:45:51.063+0000] {processor.py:153} INFO - Started process (PID=164) to work on /opt/airflow/dags/dag_uniprot.py
[2023-03-21T22:45:51.065+0000] {processor.py:743} INFO - Processing file /opt/airflow/dags/dag_uniprot.py for tasks to queue
[2023-03-21T22:45:51.066+0000] {logging_mixin.py:137} INFO - [2023-03-21T22:45:51.066+0000] {dagbag.py:532} INFO - Filling up the DagBag from /opt/airflow/dags/dag_uniprot.py
[2023-03-21T22:45:51.088+0000] {processor.py:753} INFO - DAG(s) dict_keys(['dag_uniprot']) retrieved from /opt/airflow/dags/dag_uniprot.py
[2023-03-21T22:45:51.110+0000] {logging_mixin.py:137} INFO - [2023-03-21T22:45:51.110+0000] {dag.py:2693} INFO - Sync 1 DAGs
[2023-03-21T22:45:51.126+0000] {logging_mixin.py:137} INFO - [2023-03-21T22:45:51.126+0000] {dag.py:3444} INFO - Setting next_dagrun for dag_uniprot to 2023-03-20T00:00:00+00:00, run_after=2023-03-21T00:00:00+00:00
[2023-03-21T22:45:51.137+0000] {processor.py:175} INFO - Processing /opt/airflow/dags/dag_uniprot.py took 0.080 seconds
[2023-03-21T22:46:21.438+0000] {processor.py:153} INFO - Started process (PID=172) to work on /opt/airflow/dags/dag_uniprot.py
[2023-03-21T22:46:21.440+0000] {processor.py:743} INFO - Processing file /opt/airflow/dags/dag_uniprot.py for tasks to queue
[2023-03-21T22:46:21.441+0000] {logging_mixin.py:137} INFO - [2023-03-21T22:46:21.441+0000] {dagbag.py:532} INFO - Filling up the DagBag from /opt/airflow/dags/dag_uniprot.py
[2023-03-21T22:46:21.463+0000] {processor.py:753} INFO - DAG(s) dict_keys(['dag_uniprot']) retrieved from /opt/airflow/dags/dag_uniprot.py
[2023-03-21T22:46:21.488+0000] {logging_mixin.py:137} INFO - [2023-03-21T22:46:21.488+0000] {dag.py:2693} INFO - Sync 1 DAGs
[2023-03-21T22:46:21.510+0000] {logging_mixin.py:137} INFO - [2023-03-21T22:46:21.510+0000] {dag.py:3444} INFO - Setting next_dagrun for dag_uniprot to 2023-03-20T00:00:00+00:00, run_after=2023-03-21T00:00:00+00:00
[2023-03-21T22:46:21.525+0000] {processor.py:175} INFO - Processing /opt/airflow/dags/dag_uniprot.py took 0.092 seconds
[2023-03-21T22:46:51.766+0000] {processor.py:153} INFO - Started process (PID=181) to work on /opt/airflow/dags/dag_uniprot.py
[2023-03-21T22:46:51.767+0000] {processor.py:743} INFO - Processing file /opt/airflow/dags/dag_uniprot.py for tasks to queue
[2023-03-21T22:46:51.768+0000] {logging_mixin.py:137} INFO - [2023-03-21T22:46:51.768+0000] {dagbag.py:532} INFO - Filling up the DagBag from /opt/airflow/dags/dag_uniprot.py
[2023-03-21T22:46:51.793+0000] {processor.py:753} INFO - DAG(s) dict_keys(['dag_uniprot']) retrieved from /opt/airflow/dags/dag_uniprot.py
[2023-03-21T22:46:51.817+0000] {logging_mixin.py:137} INFO - [2023-03-21T22:46:51.817+0000] {dag.py:2693} INFO - Sync 1 DAGs
[2023-03-21T22:46:51.833+0000] {logging_mixin.py:137} INFO - [2023-03-21T22:46:51.833+0000] {dag.py:3444} INFO - Setting next_dagrun for dag_uniprot to 2023-03-20T00:00:00+00:00, run_after=2023-03-21T00:00:00+00:00
[2023-03-21T22:46:51.845+0000] {processor.py:175} INFO - Processing /opt/airflow/dags/dag_uniprot.py took 0.084 seconds
[2023-03-21T22:47:22.138+0000] {processor.py:153} INFO - Started process (PID=189) to work on /opt/airflow/dags/dag_uniprot.py
[2023-03-21T22:47:22.140+0000] {processor.py:743} INFO - Processing file /opt/airflow/dags/dag_uniprot.py for tasks to queue
[2023-03-21T22:47:22.141+0000] {logging_mixin.py:137} INFO - [2023-03-21T22:47:22.141+0000] {dagbag.py:532} INFO - Filling up the DagBag from /opt/airflow/dags/dag_uniprot.py
[2023-03-21T22:47:22.161+0000] {processor.py:753} INFO - DAG(s) dict_keys(['dag_uniprot']) retrieved from /opt/airflow/dags/dag_uniprot.py
[2023-03-21T22:47:22.185+0000] {logging_mixin.py:137} INFO - [2023-03-21T22:47:22.185+0000] {dag.py:2693} INFO - Sync 1 DAGs
[2023-03-21T22:47:22.204+0000] {logging_mixin.py:137} INFO - [2023-03-21T22:47:22.204+0000] {dag.py:3444} INFO - Setting next_dagrun for dag_uniprot to 2023-03-20T00:00:00+00:00, run_after=2023-03-21T00:00:00+00:00
[2023-03-21T22:47:22.216+0000] {processor.py:175} INFO - Processing /opt/airflow/dags/dag_uniprot.py took 0.082 seconds
[2023-03-21T22:47:52.521+0000] {processor.py:153} INFO - Started process (PID=197) to work on /opt/airflow/dags/dag_uniprot.py
[2023-03-21T22:47:52.525+0000] {processor.py:743} INFO - Processing file /opt/airflow/dags/dag_uniprot.py for tasks to queue
[2023-03-21T22:47:52.526+0000] {logging_mixin.py:137} INFO - [2023-03-21T22:47:52.526+0000] {dagbag.py:532} INFO - Filling up the DagBag from /opt/airflow/dags/dag_uniprot.py
[2023-03-21T22:47:52.546+0000] {processor.py:753} INFO - DAG(s) dict_keys(['dag_uniprot']) retrieved from /opt/airflow/dags/dag_uniprot.py
[2023-03-21T22:47:52.571+0000] {logging_mixin.py:137} INFO - [2023-03-21T22:47:52.570+0000] {dag.py:2693} INFO - Sync 1 DAGs
[2023-03-21T22:47:52.589+0000] {logging_mixin.py:137} INFO - [2023-03-21T22:47:52.589+0000] {dag.py:3444} INFO - Setting next_dagrun for dag_uniprot to 2023-03-20T00:00:00+00:00, run_after=2023-03-21T00:00:00+00:00
[2023-03-21T22:47:52.601+0000] {processor.py:175} INFO - Processing /opt/airflow/dags/dag_uniprot.py took 0.085 seconds
[2023-03-21T22:48:22.852+0000] {processor.py:153} INFO - Started process (PID=205) to work on /opt/airflow/dags/dag_uniprot.py
[2023-03-21T22:48:22.854+0000] {processor.py:743} INFO - Processing file /opt/airflow/dags/dag_uniprot.py for tasks to queue
[2023-03-21T22:48:22.855+0000] {logging_mixin.py:137} INFO - [2023-03-21T22:48:22.855+0000] {dagbag.py:532} INFO - Filling up the DagBag from /opt/airflow/dags/dag_uniprot.py
[2023-03-21T22:48:22.881+0000] {processor.py:753} INFO - DAG(s) dict_keys(['dag_uniprot']) retrieved from /opt/airflow/dags/dag_uniprot.py
[2023-03-21T22:48:22.903+0000] {logging_mixin.py:137} INFO - [2023-03-21T22:48:22.903+0000] {dag.py:2693} INFO - Sync 1 DAGs
[2023-03-21T22:48:22.923+0000] {logging_mixin.py:137} INFO - [2023-03-21T22:48:22.923+0000] {dag.py:3444} INFO - Setting next_dagrun for dag_uniprot to 2023-03-20T00:00:00+00:00, run_after=2023-03-21T00:00:00+00:00
[2023-03-21T22:48:22.936+0000] {processor.py:175} INFO - Processing /opt/airflow/dags/dag_uniprot.py took 0.089 seconds
[2023-03-21T22:48:53.181+0000] {processor.py:153} INFO - Started process (PID=213) to work on /opt/airflow/dags/dag_uniprot.py
[2023-03-21T22:48:53.183+0000] {processor.py:743} INFO - Processing file /opt/airflow/dags/dag_uniprot.py for tasks to queue
[2023-03-21T22:48:53.184+0000] {logging_mixin.py:137} INFO - [2023-03-21T22:48:53.184+0000] {dagbag.py:532} INFO - Filling up the DagBag from /opt/airflow/dags/dag_uniprot.py
[2023-03-21T22:48:53.206+0000] {processor.py:753} INFO - DAG(s) dict_keys(['dag_uniprot']) retrieved from /opt/airflow/dags/dag_uniprot.py
[2023-03-21T22:48:53.233+0000] {logging_mixin.py:137} INFO - [2023-03-21T22:48:53.233+0000] {dag.py:2693} INFO - Sync 1 DAGs
[2023-03-21T22:48:53.250+0000] {logging_mixin.py:137} INFO - [2023-03-21T22:48:53.250+0000] {dag.py:3444} INFO - Setting next_dagrun for dag_uniprot to 2023-03-20T00:00:00+00:00, run_after=2023-03-21T00:00:00+00:00
[2023-03-21T22:48:53.260+0000] {processor.py:175} INFO - Processing /opt/airflow/dags/dag_uniprot.py took 0.083 seconds
[2023-03-21T22:49:23.513+0000] {processor.py:153} INFO - Started process (PID=221) to work on /opt/airflow/dags/dag_uniprot.py
[2023-03-21T22:49:23.515+0000] {processor.py:743} INFO - Processing file /opt/airflow/dags/dag_uniprot.py for tasks to queue
[2023-03-21T22:49:23.516+0000] {logging_mixin.py:137} INFO - [2023-03-21T22:49:23.516+0000] {dagbag.py:532} INFO - Filling up the DagBag from /opt/airflow/dags/dag_uniprot.py
[2023-03-21T22:49:23.538+0000] {processor.py:753} INFO - DAG(s) dict_keys(['dag_uniprot']) retrieved from /opt/airflow/dags/dag_uniprot.py
[2023-03-21T22:49:23.563+0000] {logging_mixin.py:137} INFO - [2023-03-21T22:49:23.563+0000] {dag.py:2693} INFO - Sync 1 DAGs
[2023-03-21T22:49:23.580+0000] {logging_mixin.py:137} INFO - [2023-03-21T22:49:23.580+0000] {dag.py:3444} INFO - Setting next_dagrun for dag_uniprot to 2023-03-20T00:00:00+00:00, run_after=2023-03-21T00:00:00+00:00
[2023-03-21T22:49:23.592+0000] {processor.py:175} INFO - Processing /opt/airflow/dags/dag_uniprot.py took 0.084 seconds
[2023-03-21T22:49:53.985+0000] {processor.py:153} INFO - Started process (PID=229) to work on /opt/airflow/dags/dag_uniprot.py
[2023-03-21T22:49:53.987+0000] {processor.py:743} INFO - Processing file /opt/airflow/dags/dag_uniprot.py for tasks to queue
[2023-03-21T22:49:53.989+0000] {logging_mixin.py:137} INFO - [2023-03-21T22:49:53.989+0000] {dagbag.py:532} INFO - Filling up the DagBag from /opt/airflow/dags/dag_uniprot.py
[2023-03-21T22:49:54.014+0000] {processor.py:753} INFO - DAG(s) dict_keys(['dag_uniprot']) retrieved from /opt/airflow/dags/dag_uniprot.py
[2023-03-21T22:49:54.036+0000] {logging_mixin.py:137} INFO - [2023-03-21T22:49:54.036+0000] {dag.py:2693} INFO - Sync 1 DAGs
[2023-03-21T22:49:54.053+0000] {logging_mixin.py:137} INFO - [2023-03-21T22:49:54.053+0000] {dag.py:3444} INFO - Setting next_dagrun for dag_uniprot to 2023-03-20T00:00:00+00:00, run_after=2023-03-21T00:00:00+00:00
[2023-03-21T22:49:54.064+0000] {processor.py:175} INFO - Processing /opt/airflow/dags/dag_uniprot.py took 0.084 seconds
[2023-03-21T22:50:24.384+0000] {processor.py:153} INFO - Started process (PID=237) to work on /opt/airflow/dags/dag_uniprot.py
[2023-03-21T22:50:24.387+0000] {processor.py:743} INFO - Processing file /opt/airflow/dags/dag_uniprot.py for tasks to queue
[2023-03-21T22:50:24.388+0000] {logging_mixin.py:137} INFO - [2023-03-21T22:50:24.388+0000] {dagbag.py:532} INFO - Filling up the DagBag from /opt/airflow/dags/dag_uniprot.py
[2023-03-21T22:50:24.418+0000] {processor.py:753} INFO - DAG(s) dict_keys(['dag_uniprot']) retrieved from /opt/airflow/dags/dag_uniprot.py
[2023-03-21T22:50:24.438+0000] {logging_mixin.py:137} INFO - [2023-03-21T22:50:24.438+0000] {dag.py:2693} INFO - Sync 1 DAGs
[2023-03-21T22:50:24.457+0000] {logging_mixin.py:137} INFO - [2023-03-21T22:50:24.457+0000] {dag.py:3444} INFO - Setting next_dagrun for dag_uniprot to 2023-03-20T00:00:00+00:00, run_after=2023-03-21T00:00:00+00:00
[2023-03-21T22:50:24.469+0000] {processor.py:175} INFO - Processing /opt/airflow/dags/dag_uniprot.py took 0.092 seconds
[2023-03-21T22:50:54.782+0000] {processor.py:153} INFO - Started process (PID=245) to work on /opt/airflow/dags/dag_uniprot.py
[2023-03-21T22:50:54.784+0000] {processor.py:743} INFO - Processing file /opt/airflow/dags/dag_uniprot.py for tasks to queue
[2023-03-21T22:50:54.785+0000] {logging_mixin.py:137} INFO - [2023-03-21T22:50:54.785+0000] {dagbag.py:532} INFO - Filling up the DagBag from /opt/airflow/dags/dag_uniprot.py
[2023-03-21T22:50:54.809+0000] {processor.py:753} INFO - DAG(s) dict_keys(['dag_uniprot']) retrieved from /opt/airflow/dags/dag_uniprot.py
[2023-03-21T22:50:54.836+0000] {logging_mixin.py:137} INFO - [2023-03-21T22:50:54.836+0000] {dag.py:2693} INFO - Sync 1 DAGs
[2023-03-21T22:50:54.854+0000] {logging_mixin.py:137} INFO - [2023-03-21T22:50:54.854+0000] {dag.py:3444} INFO - Setting next_dagrun for dag_uniprot to 2023-03-20T00:00:00+00:00, run_after=2023-03-21T00:00:00+00:00
[2023-03-21T22:50:54.867+0000] {processor.py:175} INFO - Processing /opt/airflow/dags/dag_uniprot.py took 0.090 seconds
[2023-03-21T22:51:25.120+0000] {processor.py:153} INFO - Started process (PID=253) to work on /opt/airflow/dags/dag_uniprot.py
[2023-03-21T22:51:25.122+0000] {processor.py:743} INFO - Processing file /opt/airflow/dags/dag_uniprot.py for tasks to queue
[2023-03-21T22:51:25.124+0000] {logging_mixin.py:137} INFO - [2023-03-21T22:51:25.124+0000] {dagbag.py:532} INFO - Filling up the DagBag from /opt/airflow/dags/dag_uniprot.py
[2023-03-21T22:51:25.149+0000] {processor.py:753} INFO - DAG(s) dict_keys(['dag_uniprot']) retrieved from /opt/airflow/dags/dag_uniprot.py
[2023-03-21T22:51:25.171+0000] {logging_mixin.py:137} INFO - [2023-03-21T22:51:25.171+0000] {dag.py:2693} INFO - Sync 1 DAGs
[2023-03-21T22:51:25.188+0000] {logging_mixin.py:137} INFO - [2023-03-21T22:51:25.188+0000] {dag.py:3444} INFO - Setting next_dagrun for dag_uniprot to 2023-03-20T00:00:00+00:00, run_after=2023-03-21T00:00:00+00:00
[2023-03-21T22:51:25.199+0000] {processor.py:175} INFO - Processing /opt/airflow/dags/dag_uniprot.py took 0.085 seconds
[2023-03-21T22:51:55.522+0000] {processor.py:153} INFO - Started process (PID=261) to work on /opt/airflow/dags/dag_uniprot.py
[2023-03-21T22:51:55.523+0000] {processor.py:743} INFO - Processing file /opt/airflow/dags/dag_uniprot.py for tasks to queue
[2023-03-21T22:51:55.524+0000] {logging_mixin.py:137} INFO - [2023-03-21T22:51:55.524+0000] {dagbag.py:532} INFO - Filling up the DagBag from /opt/airflow/dags/dag_uniprot.py
[2023-03-21T22:51:55.548+0000] {processor.py:753} INFO - DAG(s) dict_keys(['dag_uniprot']) retrieved from /opt/airflow/dags/dag_uniprot.py
[2023-03-21T22:51:55.574+0000] {logging_mixin.py:137} INFO - [2023-03-21T22:51:55.574+0000] {dag.py:2693} INFO - Sync 1 DAGs
[2023-03-21T22:51:55.592+0000] {logging_mixin.py:137} INFO - [2023-03-21T22:51:55.592+0000] {dag.py:3444} INFO - Setting next_dagrun for dag_uniprot to 2023-03-20T00:00:00+00:00, run_after=2023-03-21T00:00:00+00:00
[2023-03-21T22:51:55.605+0000] {processor.py:175} INFO - Processing /opt/airflow/dags/dag_uniprot.py took 0.088 seconds
[2023-03-21T22:52:25.975+0000] {processor.py:153} INFO - Started process (PID=270) to work on /opt/airflow/dags/dag_uniprot.py
[2023-03-21T22:52:25.978+0000] {processor.py:743} INFO - Processing file /opt/airflow/dags/dag_uniprot.py for tasks to queue
[2023-03-21T22:52:25.980+0000] {logging_mixin.py:137} INFO - [2023-03-21T22:52:25.979+0000] {dagbag.py:532} INFO - Filling up the DagBag from /opt/airflow/dags/dag_uniprot.py
[2023-03-21T22:52:26.009+0000] {processor.py:753} INFO - DAG(s) dict_keys(['dag_uniprot']) retrieved from /opt/airflow/dags/dag_uniprot.py
[2023-03-21T22:52:26.034+0000] {logging_mixin.py:137} INFO - [2023-03-21T22:52:26.034+0000] {dag.py:2693} INFO - Sync 1 DAGs
[2023-03-21T22:52:26.055+0000] {logging_mixin.py:137} INFO - [2023-03-21T22:52:26.055+0000] {dag.py:3444} INFO - Setting next_dagrun for dag_uniprot to 2023-03-20T00:00:00+00:00, run_after=2023-03-21T00:00:00+00:00
[2023-03-21T22:52:26.070+0000] {processor.py:175} INFO - Processing /opt/airflow/dags/dag_uniprot.py took 0.102 seconds
[2023-03-21T22:52:56.437+0000] {processor.py:153} INFO - Started process (PID=278) to work on /opt/airflow/dags/dag_uniprot.py
[2023-03-21T22:52:56.439+0000] {processor.py:743} INFO - Processing file /opt/airflow/dags/dag_uniprot.py for tasks to queue
[2023-03-21T22:52:56.440+0000] {logging_mixin.py:137} INFO - [2023-03-21T22:52:56.440+0000] {dagbag.py:532} INFO - Filling up the DagBag from /opt/airflow/dags/dag_uniprot.py
[2023-03-21T22:52:56.460+0000] {processor.py:753} INFO - DAG(s) dict_keys(['dag_uniprot']) retrieved from /opt/airflow/dags/dag_uniprot.py
[2023-03-21T22:52:56.488+0000] {logging_mixin.py:137} INFO - [2023-03-21T22:52:56.488+0000] {dag.py:2693} INFO - Sync 1 DAGs
[2023-03-21T22:52:56.505+0000] {logging_mixin.py:137} INFO - [2023-03-21T22:52:56.505+0000] {dag.py:3444} INFO - Setting next_dagrun for dag_uniprot to 2023-03-20T00:00:00+00:00, run_after=2023-03-21T00:00:00+00:00
[2023-03-21T22:52:56.517+0000] {processor.py:175} INFO - Processing /opt/airflow/dags/dag_uniprot.py took 0.083 seconds
[2023-03-21T22:53:26.902+0000] {processor.py:153} INFO - Started process (PID=286) to work on /opt/airflow/dags/dag_uniprot.py
[2023-03-21T22:53:26.905+0000] {processor.py:743} INFO - Processing file /opt/airflow/dags/dag_uniprot.py for tasks to queue
[2023-03-21T22:53:26.907+0000] {logging_mixin.py:137} INFO - [2023-03-21T22:53:26.907+0000] {dagbag.py:532} INFO - Filling up the DagBag from /opt/airflow/dags/dag_uniprot.py
[2023-03-21T22:53:26.926+0000] {processor.py:753} INFO - DAG(s) dict_keys(['dag_uniprot']) retrieved from /opt/airflow/dags/dag_uniprot.py
[2023-03-21T22:53:26.947+0000] {logging_mixin.py:137} INFO - [2023-03-21T22:53:26.947+0000] {dag.py:2693} INFO - Sync 1 DAGs
[2023-03-21T22:53:26.964+0000] {logging_mixin.py:137} INFO - [2023-03-21T22:53:26.964+0000] {dag.py:3444} INFO - Setting next_dagrun for dag_uniprot to 2023-03-20T00:00:00+00:00, run_after=2023-03-21T00:00:00+00:00
[2023-03-21T22:53:26.974+0000] {processor.py:175} INFO - Processing /opt/airflow/dags/dag_uniprot.py took 0.079 seconds
[2023-03-21T22:53:57.255+0000] {processor.py:153} INFO - Started process (PID=294) to work on /opt/airflow/dags/dag_uniprot.py
[2023-03-21T22:53:57.257+0000] {processor.py:743} INFO - Processing file /opt/airflow/dags/dag_uniprot.py for tasks to queue
[2023-03-21T22:53:57.258+0000] {logging_mixin.py:137} INFO - [2023-03-21T22:53:57.258+0000] {dagbag.py:532} INFO - Filling up the DagBag from /opt/airflow/dags/dag_uniprot.py
[2023-03-21T22:53:57.279+0000] {processor.py:753} INFO - DAG(s) dict_keys(['dag_uniprot']) retrieved from /opt/airflow/dags/dag_uniprot.py
[2023-03-21T22:53:57.300+0000] {logging_mixin.py:137} INFO - [2023-03-21T22:53:57.300+0000] {dag.py:2693} INFO - Sync 1 DAGs
[2023-03-21T22:53:57.317+0000] {logging_mixin.py:137} INFO - [2023-03-21T22:53:57.317+0000] {dag.py:3444} INFO - Setting next_dagrun for dag_uniprot to 2023-03-20T00:00:00+00:00, run_after=2023-03-21T00:00:00+00:00
[2023-03-21T22:53:57.329+0000] {processor.py:175} INFO - Processing /opt/airflow/dags/dag_uniprot.py took 0.078 seconds
[2023-03-21T22:54:27.585+0000] {processor.py:153} INFO - Started process (PID=302) to work on /opt/airflow/dags/dag_uniprot.py
[2023-03-21T22:54:27.588+0000] {processor.py:743} INFO - Processing file /opt/airflow/dags/dag_uniprot.py for tasks to queue
[2023-03-21T22:54:27.589+0000] {logging_mixin.py:137} INFO - [2023-03-21T22:54:27.589+0000] {dagbag.py:532} INFO - Filling up the DagBag from /opt/airflow/dags/dag_uniprot.py
[2023-03-21T22:54:27.617+0000] {processor.py:753} INFO - DAG(s) dict_keys(['dag_uniprot']) retrieved from /opt/airflow/dags/dag_uniprot.py
[2023-03-21T22:54:27.644+0000] {logging_mixin.py:137} INFO - [2023-03-21T22:54:27.644+0000] {dag.py:2693} INFO - Sync 1 DAGs
[2023-03-21T22:54:27.666+0000] {logging_mixin.py:137} INFO - [2023-03-21T22:54:27.665+0000] {dag.py:3444} INFO - Setting next_dagrun for dag_uniprot to 2023-03-20T00:00:00+00:00, run_after=2023-03-21T00:00:00+00:00
[2023-03-21T22:54:27.678+0000] {processor.py:175} INFO - Processing /opt/airflow/dags/dag_uniprot.py took 0.096 seconds
[2023-03-21T22:54:57.935+0000] {processor.py:153} INFO - Started process (PID=310) to work on /opt/airflow/dags/dag_uniprot.py
[2023-03-21T22:54:57.937+0000] {processor.py:743} INFO - Processing file /opt/airflow/dags/dag_uniprot.py for tasks to queue
[2023-03-21T22:54:57.938+0000] {logging_mixin.py:137} INFO - [2023-03-21T22:54:57.938+0000] {dagbag.py:532} INFO - Filling up the DagBag from /opt/airflow/dags/dag_uniprot.py
[2023-03-21T22:54:57.966+0000] {processor.py:753} INFO - DAG(s) dict_keys(['dag_uniprot']) retrieved from /opt/airflow/dags/dag_uniprot.py
[2023-03-21T22:54:57.995+0000] {logging_mixin.py:137} INFO - [2023-03-21T22:54:57.995+0000] {dag.py:2693} INFO - Sync 1 DAGs
[2023-03-21T22:54:58.011+0000] {logging_mixin.py:137} INFO - [2023-03-21T22:54:58.011+0000] {dag.py:3444} INFO - Setting next_dagrun for dag_uniprot to 2023-03-20T00:00:00+00:00, run_after=2023-03-21T00:00:00+00:00
[2023-03-21T22:54:58.022+0000] {processor.py:175} INFO - Processing /opt/airflow/dags/dag_uniprot.py took 0.094 seconds
[2023-03-21T22:55:28.281+0000] {processor.py:153} INFO - Started process (PID=318) to work on /opt/airflow/dags/dag_uniprot.py
[2023-03-21T22:55:28.282+0000] {processor.py:743} INFO - Processing file /opt/airflow/dags/dag_uniprot.py for tasks to queue
[2023-03-21T22:55:28.283+0000] {logging_mixin.py:137} INFO - [2023-03-21T22:55:28.283+0000] {dagbag.py:532} INFO - Filling up the DagBag from /opt/airflow/dags/dag_uniprot.py
[2023-03-21T22:55:28.301+0000] {processor.py:753} INFO - DAG(s) dict_keys(['dag_uniprot']) retrieved from /opt/airflow/dags/dag_uniprot.py
[2023-03-21T22:55:28.325+0000] {logging_mixin.py:137} INFO - [2023-03-21T22:55:28.325+0000] {dag.py:2693} INFO - Sync 1 DAGs
[2023-03-21T22:55:28.344+0000] {logging_mixin.py:137} INFO - [2023-03-21T22:55:28.344+0000] {dag.py:3444} INFO - Setting next_dagrun for dag_uniprot to 2023-03-20T00:00:00+00:00, run_after=2023-03-21T00:00:00+00:00
[2023-03-21T22:55:28.356+0000] {processor.py:175} INFO - Processing /opt/airflow/dags/dag_uniprot.py took 0.077 seconds
[2023-03-21T22:55:58.625+0000] {processor.py:153} INFO - Started process (PID=326) to work on /opt/airflow/dags/dag_uniprot.py
[2023-03-21T22:55:58.626+0000] {processor.py:743} INFO - Processing file /opt/airflow/dags/dag_uniprot.py for tasks to queue
[2023-03-21T22:55:58.627+0000] {logging_mixin.py:137} INFO - [2023-03-21T22:55:58.627+0000] {dagbag.py:532} INFO - Filling up the DagBag from /opt/airflow/dags/dag_uniprot.py
[2023-03-21T22:55:58.647+0000] {processor.py:753} INFO - DAG(s) dict_keys(['dag_uniprot']) retrieved from /opt/airflow/dags/dag_uniprot.py
[2023-03-21T22:55:58.669+0000] {logging_mixin.py:137} INFO - [2023-03-21T22:55:58.669+0000] {dag.py:2693} INFO - Sync 1 DAGs
[2023-03-21T22:55:58.688+0000] {logging_mixin.py:137} INFO - [2023-03-21T22:55:58.688+0000] {dag.py:3444} INFO - Setting next_dagrun for dag_uniprot to 2023-03-20T00:00:00+00:00, run_after=2023-03-21T00:00:00+00:00
[2023-03-21T22:55:58.701+0000] {processor.py:175} INFO - Processing /opt/airflow/dags/dag_uniprot.py took 0.079 seconds
[2023-03-21T22:56:29.012+0000] {processor.py:153} INFO - Started process (PID=333) to work on /opt/airflow/dags/dag_uniprot.py
[2023-03-21T22:56:29.014+0000] {processor.py:743} INFO - Processing file /opt/airflow/dags/dag_uniprot.py for tasks to queue
[2023-03-21T22:56:29.016+0000] {logging_mixin.py:137} INFO - [2023-03-21T22:56:29.016+0000] {dagbag.py:532} INFO - Filling up the DagBag from /opt/airflow/dags/dag_uniprot.py
[2023-03-21T22:56:29.039+0000] {processor.py:753} INFO - DAG(s) dict_keys(['dag_uniprot']) retrieved from /opt/airflow/dags/dag_uniprot.py
[2023-03-21T22:56:29.066+0000] {logging_mixin.py:137} INFO - [2023-03-21T22:56:29.066+0000] {dag.py:2693} INFO - Sync 1 DAGs
[2023-03-21T22:56:29.083+0000] {logging_mixin.py:137} INFO - [2023-03-21T22:56:29.083+0000] {dag.py:3444} INFO - Setting next_dagrun for dag_uniprot to 2023-03-20T00:00:00+00:00, run_after=2023-03-21T00:00:00+00:00
[2023-03-21T22:56:29.095+0000] {processor.py:175} INFO - Processing /opt/airflow/dags/dag_uniprot.py took 0.087 seconds
[2023-03-21T22:56:59.367+0000] {processor.py:153} INFO - Started process (PID=341) to work on /opt/airflow/dags/dag_uniprot.py
[2023-03-21T22:56:59.369+0000] {processor.py:743} INFO - Processing file /opt/airflow/dags/dag_uniprot.py for tasks to queue
[2023-03-21T22:56:59.370+0000] {logging_mixin.py:137} INFO - [2023-03-21T22:56:59.370+0000] {dagbag.py:532} INFO - Filling up the DagBag from /opt/airflow/dags/dag_uniprot.py
[2023-03-21T22:56:59.386+0000] {processor.py:753} INFO - DAG(s) dict_keys(['dag_uniprot']) retrieved from /opt/airflow/dags/dag_uniprot.py
[2023-03-21T22:56:59.408+0000] {logging_mixin.py:137} INFO - [2023-03-21T22:56:59.408+0000] {dag.py:2693} INFO - Sync 1 DAGs
[2023-03-21T22:56:59.428+0000] {logging_mixin.py:137} INFO - [2023-03-21T22:56:59.428+0000] {dag.py:3444} INFO - Setting next_dagrun for dag_uniprot to 2023-03-20T00:00:00+00:00, run_after=2023-03-21T00:00:00+00:00
[2023-03-21T22:56:59.443+0000] {processor.py:175} INFO - Processing /opt/airflow/dags/dag_uniprot.py took 0.080 seconds
[2023-03-21T22:57:29.694+0000] {processor.py:153} INFO - Started process (PID=348) to work on /opt/airflow/dags/dag_uniprot.py
[2023-03-21T22:57:29.696+0000] {processor.py:743} INFO - Processing file /opt/airflow/dags/dag_uniprot.py for tasks to queue
[2023-03-21T22:57:29.697+0000] {logging_mixin.py:137} INFO - [2023-03-21T22:57:29.696+0000] {dagbag.py:532} INFO - Filling up the DagBag from /opt/airflow/dags/dag_uniprot.py
[2023-03-21T22:57:29.713+0000] {processor.py:753} INFO - DAG(s) dict_keys(['dag_uniprot']) retrieved from /opt/airflow/dags/dag_uniprot.py
[2023-03-21T22:57:29.736+0000] {logging_mixin.py:137} INFO - [2023-03-21T22:57:29.736+0000] {dag.py:2693} INFO - Sync 1 DAGs
[2023-03-21T22:57:29.757+0000] {logging_mixin.py:137} INFO - [2023-03-21T22:57:29.757+0000] {dag.py:3444} INFO - Setting next_dagrun for dag_uniprot to 2023-03-20T00:00:00+00:00, run_after=2023-03-21T00:00:00+00:00
[2023-03-21T22:57:29.770+0000] {processor.py:175} INFO - Processing /opt/airflow/dags/dag_uniprot.py took 0.079 seconds
[2023-03-21T22:58:00.099+0000] {processor.py:153} INFO - Started process (PID=356) to work on /opt/airflow/dags/dag_uniprot.py
[2023-03-21T22:58:00.101+0000] {processor.py:743} INFO - Processing file /opt/airflow/dags/dag_uniprot.py for tasks to queue
[2023-03-21T22:58:00.103+0000] {logging_mixin.py:137} INFO - [2023-03-21T22:58:00.103+0000] {dagbag.py:532} INFO - Filling up the DagBag from /opt/airflow/dags/dag_uniprot.py
[2023-03-21T22:58:00.128+0000] {processor.py:753} INFO - DAG(s) dict_keys(['dag_uniprot']) retrieved from /opt/airflow/dags/dag_uniprot.py
[2023-03-21T22:58:00.155+0000] {logging_mixin.py:137} INFO - [2023-03-21T22:58:00.155+0000] {dag.py:2693} INFO - Sync 1 DAGs
[2023-03-21T22:58:00.171+0000] {logging_mixin.py:137} INFO - [2023-03-21T22:58:00.171+0000] {dag.py:3444} INFO - Setting next_dagrun for dag_uniprot to 2023-03-20T00:00:00+00:00, run_after=2023-03-21T00:00:00+00:00
[2023-03-21T22:58:00.183+0000] {processor.py:175} INFO - Processing /opt/airflow/dags/dag_uniprot.py took 0.089 seconds
[2023-03-21T22:58:30.412+0000] {processor.py:153} INFO - Started process (PID=364) to work on /opt/airflow/dags/dag_uniprot.py
[2023-03-21T22:58:30.413+0000] {processor.py:743} INFO - Processing file /opt/airflow/dags/dag_uniprot.py for tasks to queue
[2023-03-21T22:58:30.415+0000] {logging_mixin.py:137} INFO - [2023-03-21T22:58:30.414+0000] {dagbag.py:532} INFO - Filling up the DagBag from /opt/airflow/dags/dag_uniprot.py
[2023-03-21T22:58:30.433+0000] {processor.py:753} INFO - DAG(s) dict_keys(['dag_uniprot']) retrieved from /opt/airflow/dags/dag_uniprot.py
[2023-03-21T22:58:30.455+0000] {logging_mixin.py:137} INFO - [2023-03-21T22:58:30.454+0000] {dag.py:2693} INFO - Sync 1 DAGs
[2023-03-21T22:58:30.473+0000] {logging_mixin.py:137} INFO - [2023-03-21T22:58:30.473+0000] {dag.py:3444} INFO - Setting next_dagrun for dag_uniprot to 2023-03-20T00:00:00+00:00, run_after=2023-03-21T00:00:00+00:00
[2023-03-21T22:58:30.485+0000] {processor.py:175} INFO - Processing /opt/airflow/dags/dag_uniprot.py took 0.078 seconds
[2023-03-21T22:59:00.765+0000] {processor.py:153} INFO - Started process (PID=372) to work on /opt/airflow/dags/dag_uniprot.py
[2023-03-21T22:59:00.767+0000] {processor.py:743} INFO - Processing file /opt/airflow/dags/dag_uniprot.py for tasks to queue
[2023-03-21T22:59:00.768+0000] {logging_mixin.py:137} INFO - [2023-03-21T22:59:00.768+0000] {dagbag.py:532} INFO - Filling up the DagBag from /opt/airflow/dags/dag_uniprot.py
[2023-03-21T22:59:00.789+0000] {processor.py:753} INFO - DAG(s) dict_keys(['dag_uniprot']) retrieved from /opt/airflow/dags/dag_uniprot.py
[2023-03-21T22:59:00.813+0000] {logging_mixin.py:137} INFO - [2023-03-21T22:59:00.813+0000] {dag.py:2693} INFO - Sync 1 DAGs
[2023-03-21T22:59:00.829+0000] {logging_mixin.py:137} INFO - [2023-03-21T22:59:00.829+0000] {dag.py:3444} INFO - Setting next_dagrun for dag_uniprot to 2023-03-20T00:00:00+00:00, run_after=2023-03-21T00:00:00+00:00
[2023-03-21T22:59:00.841+0000] {processor.py:175} INFO - Processing /opt/airflow/dags/dag_uniprot.py took 0.081 seconds
[2023-03-21T22:59:31.128+0000] {processor.py:153} INFO - Started process (PID=380) to work on /opt/airflow/dags/dag_uniprot.py
[2023-03-21T22:59:31.130+0000] {processor.py:743} INFO - Processing file /opt/airflow/dags/dag_uniprot.py for tasks to queue
[2023-03-21T22:59:31.133+0000] {logging_mixin.py:137} INFO - [2023-03-21T22:59:31.132+0000] {dagbag.py:532} INFO - Filling up the DagBag from /opt/airflow/dags/dag_uniprot.py
[2023-03-21T22:59:31.162+0000] {processor.py:753} INFO - DAG(s) dict_keys(['dag_uniprot']) retrieved from /opt/airflow/dags/dag_uniprot.py
[2023-03-21T22:59:31.185+0000] {logging_mixin.py:137} INFO - [2023-03-21T22:59:31.185+0000] {dag.py:2693} INFO - Sync 1 DAGs
[2023-03-21T22:59:31.201+0000] {logging_mixin.py:137} INFO - [2023-03-21T22:59:31.201+0000] {dag.py:3444} INFO - Setting next_dagrun for dag_uniprot to 2023-03-20T00:00:00+00:00, run_after=2023-03-21T00:00:00+00:00
[2023-03-21T22:59:31.212+0000] {processor.py:175} INFO - Processing /opt/airflow/dags/dag_uniprot.py took 0.090 seconds
[2023-03-21T23:00:01.491+0000] {processor.py:153} INFO - Started process (PID=388) to work on /opt/airflow/dags/dag_uniprot.py
[2023-03-21T23:00:01.493+0000] {processor.py:743} INFO - Processing file /opt/airflow/dags/dag_uniprot.py for tasks to queue
[2023-03-21T23:00:01.494+0000] {logging_mixin.py:137} INFO - [2023-03-21T23:00:01.494+0000] {dagbag.py:532} INFO - Filling up the DagBag from /opt/airflow/dags/dag_uniprot.py
[2023-03-21T23:00:01.517+0000] {processor.py:753} INFO - DAG(s) dict_keys(['dag_uniprot']) retrieved from /opt/airflow/dags/dag_uniprot.py
[2023-03-21T23:00:01.543+0000] {logging_mixin.py:137} INFO - [2023-03-21T23:00:01.543+0000] {dag.py:2693} INFO - Sync 1 DAGs
[2023-03-21T23:00:01.563+0000] {logging_mixin.py:137} INFO - [2023-03-21T23:00:01.563+0000] {dag.py:3444} INFO - Setting next_dagrun for dag_uniprot to 2023-03-20T00:00:00+00:00, run_after=2023-03-21T00:00:00+00:00
[2023-03-21T23:00:01.575+0000] {processor.py:175} INFO - Processing /opt/airflow/dags/dag_uniprot.py took 0.088 seconds
[2023-03-21T23:00:31.822+0000] {processor.py:153} INFO - Started process (PID=396) to work on /opt/airflow/dags/dag_uniprot.py
[2023-03-21T23:00:31.824+0000] {processor.py:743} INFO - Processing file /opt/airflow/dags/dag_uniprot.py for tasks to queue
[2023-03-21T23:00:31.825+0000] {logging_mixin.py:137} INFO - [2023-03-21T23:00:31.825+0000] {dagbag.py:532} INFO - Filling up the DagBag from /opt/airflow/dags/dag_uniprot.py
[2023-03-21T23:00:31.845+0000] {processor.py:753} INFO - DAG(s) dict_keys(['dag_uniprot']) retrieved from /opt/airflow/dags/dag_uniprot.py
[2023-03-21T23:00:31.869+0000] {logging_mixin.py:137} INFO - [2023-03-21T23:00:31.869+0000] {dag.py:2693} INFO - Sync 1 DAGs
[2023-03-21T23:00:31.890+0000] {logging_mixin.py:137} INFO - [2023-03-21T23:00:31.890+0000] {dag.py:3444} INFO - Setting next_dagrun for dag_uniprot to 2023-03-20T00:00:00+00:00, run_after=2023-03-21T00:00:00+00:00
[2023-03-21T23:00:31.902+0000] {processor.py:175} INFO - Processing /opt/airflow/dags/dag_uniprot.py took 0.086 seconds
[2023-03-21T23:01:02.137+0000] {processor.py:153} INFO - Started process (PID=405) to work on /opt/airflow/dags/dag_uniprot.py
[2023-03-21T23:01:02.139+0000] {processor.py:743} INFO - Processing file /opt/airflow/dags/dag_uniprot.py for tasks to queue
[2023-03-21T23:01:02.141+0000] {logging_mixin.py:137} INFO - [2023-03-21T23:01:02.140+0000] {dagbag.py:532} INFO - Filling up the DagBag from /opt/airflow/dags/dag_uniprot.py
[2023-03-21T23:01:02.170+0000] {processor.py:753} INFO - DAG(s) dict_keys(['dag_uniprot']) retrieved from /opt/airflow/dags/dag_uniprot.py
[2023-03-21T23:01:02.199+0000] {logging_mixin.py:137} INFO - [2023-03-21T23:01:02.198+0000] {dag.py:2693} INFO - Sync 1 DAGs
[2023-03-21T23:01:02.217+0000] {logging_mixin.py:137} INFO - [2023-03-21T23:01:02.216+0000] {dag.py:3444} INFO - Setting next_dagrun for dag_uniprot to 2023-03-20T00:00:00+00:00, run_after=2023-03-21T00:00:00+00:00
[2023-03-21T23:01:02.228+0000] {processor.py:175} INFO - Processing /opt/airflow/dags/dag_uniprot.py took 0.097 seconds
[2023-03-21T23:01:32.491+0000] {processor.py:153} INFO - Started process (PID=413) to work on /opt/airflow/dags/dag_uniprot.py
[2023-03-21T23:01:32.493+0000] {processor.py:743} INFO - Processing file /opt/airflow/dags/dag_uniprot.py for tasks to queue
[2023-03-21T23:01:32.495+0000] {logging_mixin.py:137} INFO - [2023-03-21T23:01:32.495+0000] {dagbag.py:532} INFO - Filling up the DagBag from /opt/airflow/dags/dag_uniprot.py
[2023-03-21T23:01:32.536+0000] {processor.py:753} INFO - DAG(s) dict_keys(['dag_uniprot']) retrieved from /opt/airflow/dags/dag_uniprot.py
[2023-03-21T23:01:32.576+0000] {logging_mixin.py:137} INFO - [2023-03-21T23:01:32.575+0000] {dag.py:2693} INFO - Sync 1 DAGs
[2023-03-21T23:01:32.598+0000] {logging_mixin.py:137} INFO - [2023-03-21T23:01:32.598+0000] {dag.py:3444} INFO - Setting next_dagrun for dag_uniprot to 2023-03-20T00:00:00+00:00, run_after=2023-03-21T00:00:00+00:00
[2023-03-21T23:01:32.615+0000] {processor.py:175} INFO - Processing /opt/airflow/dags/dag_uniprot.py took 0.131 seconds
[2023-03-21T23:02:02.885+0000] {processor.py:153} INFO - Started process (PID=421) to work on /opt/airflow/dags/dag_uniprot.py
[2023-03-21T23:02:02.887+0000] {processor.py:743} INFO - Processing file /opt/airflow/dags/dag_uniprot.py for tasks to queue
[2023-03-21T23:02:02.889+0000] {logging_mixin.py:137} INFO - [2023-03-21T23:02:02.889+0000] {dagbag.py:532} INFO - Filling up the DagBag from /opt/airflow/dags/dag_uniprot.py
[2023-03-21T23:02:02.910+0000] {processor.py:753} INFO - DAG(s) dict_keys(['dag_uniprot']) retrieved from /opt/airflow/dags/dag_uniprot.py
[2023-03-21T23:02:02.932+0000] {logging_mixin.py:137} INFO - [2023-03-21T23:02:02.932+0000] {dag.py:2693} INFO - Sync 1 DAGs
[2023-03-21T23:02:02.950+0000] {logging_mixin.py:137} INFO - [2023-03-21T23:02:02.950+0000] {dag.py:3444} INFO - Setting next_dagrun for dag_uniprot to 2023-03-20T00:00:00+00:00, run_after=2023-03-21T00:00:00+00:00
[2023-03-21T23:02:02.962+0000] {processor.py:175} INFO - Processing /opt/airflow/dags/dag_uniprot.py took 0.083 seconds
[2023-03-21T23:02:33.210+0000] {processor.py:153} INFO - Started process (PID=429) to work on /opt/airflow/dags/dag_uniprot.py
[2023-03-21T23:02:33.213+0000] {processor.py:743} INFO - Processing file /opt/airflow/dags/dag_uniprot.py for tasks to queue
[2023-03-21T23:02:33.218+0000] {logging_mixin.py:137} INFO - [2023-03-21T23:02:33.218+0000] {dagbag.py:532} INFO - Filling up the DagBag from /opt/airflow/dags/dag_uniprot.py
[2023-03-21T23:02:33.245+0000] {processor.py:753} INFO - DAG(s) dict_keys(['dag_uniprot']) retrieved from /opt/airflow/dags/dag_uniprot.py
[2023-03-21T23:02:33.270+0000] {logging_mixin.py:137} INFO - [2023-03-21T23:02:33.270+0000] {dag.py:2693} INFO - Sync 1 DAGs
[2023-03-21T23:02:33.290+0000] {logging_mixin.py:137} INFO - [2023-03-21T23:02:33.290+0000] {dag.py:3444} INFO - Setting next_dagrun for dag_uniprot to 2023-03-20T00:00:00+00:00, run_after=2023-03-21T00:00:00+00:00
[2023-03-21T23:02:33.302+0000] {processor.py:175} INFO - Processing /opt/airflow/dags/dag_uniprot.py took 0.099 seconds
[2023-03-21T23:03:03.536+0000] {processor.py:153} INFO - Started process (PID=437) to work on /opt/airflow/dags/dag_uniprot.py
[2023-03-21T23:03:03.538+0000] {processor.py:743} INFO - Processing file /opt/airflow/dags/dag_uniprot.py for tasks to queue
[2023-03-21T23:03:03.539+0000] {logging_mixin.py:137} INFO - [2023-03-21T23:03:03.538+0000] {dagbag.py:532} INFO - Filling up the DagBag from /opt/airflow/dags/dag_uniprot.py
[2023-03-21T23:03:03.567+0000] {processor.py:753} INFO - DAG(s) dict_keys(['dag_uniprot']) retrieved from /opt/airflow/dags/dag_uniprot.py
[2023-03-21T23:03:03.595+0000] {logging_mixin.py:137} INFO - [2023-03-21T23:03:03.595+0000] {dag.py:2693} INFO - Sync 1 DAGs
[2023-03-21T23:03:03.613+0000] {logging_mixin.py:137} INFO - [2023-03-21T23:03:03.613+0000] {dag.py:3444} INFO - Setting next_dagrun for dag_uniprot to 2023-03-20T00:00:00+00:00, run_after=2023-03-21T00:00:00+00:00
[2023-03-21T23:03:03.627+0000] {processor.py:175} INFO - Processing /opt/airflow/dags/dag_uniprot.py took 0.095 seconds
[2023-03-21T23:03:33.864+0000] {processor.py:153} INFO - Started process (PID=445) to work on /opt/airflow/dags/dag_uniprot.py
[2023-03-21T23:03:33.867+0000] {processor.py:743} INFO - Processing file /opt/airflow/dags/dag_uniprot.py for tasks to queue
[2023-03-21T23:03:33.868+0000] {logging_mixin.py:137} INFO - [2023-03-21T23:03:33.868+0000] {dagbag.py:532} INFO - Filling up the DagBag from /opt/airflow/dags/dag_uniprot.py
[2023-03-21T23:03:33.890+0000] {processor.py:753} INFO - DAG(s) dict_keys(['dag_uniprot']) retrieved from /opt/airflow/dags/dag_uniprot.py
[2023-03-21T23:03:33.913+0000] {logging_mixin.py:137} INFO - [2023-03-21T23:03:33.913+0000] {dag.py:2693} INFO - Sync 1 DAGs
[2023-03-21T23:03:33.936+0000] {logging_mixin.py:137} INFO - [2023-03-21T23:03:33.936+0000] {dag.py:3444} INFO - Setting next_dagrun for dag_uniprot to 2023-03-20T00:00:00+00:00, run_after=2023-03-21T00:00:00+00:00
[2023-03-21T23:03:33.948+0000] {processor.py:175} INFO - Processing /opt/airflow/dags/dag_uniprot.py took 0.091 seconds
[2023-03-21T23:04:04.150+0000] {processor.py:153} INFO - Started process (PID=453) to work on /opt/airflow/dags/dag_uniprot.py
[2023-03-21T23:04:04.153+0000] {processor.py:743} INFO - Processing file /opt/airflow/dags/dag_uniprot.py for tasks to queue
[2023-03-21T23:04:04.154+0000] {logging_mixin.py:137} INFO - [2023-03-21T23:04:04.154+0000] {dagbag.py:532} INFO - Filling up the DagBag from /opt/airflow/dags/dag_uniprot.py
[2023-03-21T23:04:04.184+0000] {processor.py:753} INFO - DAG(s) dict_keys(['dag_uniprot']) retrieved from /opt/airflow/dags/dag_uniprot.py
[2023-03-21T23:04:04.211+0000] {logging_mixin.py:137} INFO - [2023-03-21T23:04:04.211+0000] {dag.py:2693} INFO - Sync 1 DAGs
[2023-03-21T23:04:04.231+0000] {logging_mixin.py:137} INFO - [2023-03-21T23:04:04.231+0000] {dag.py:3444} INFO - Setting next_dagrun for dag_uniprot to 2023-03-20T00:00:00+00:00, run_after=2023-03-21T00:00:00+00:00
[2023-03-21T23:04:04.244+0000] {processor.py:175} INFO - Processing /opt/airflow/dags/dag_uniprot.py took 0.103 seconds
[2023-03-21T23:04:34.485+0000] {processor.py:153} INFO - Started process (PID=461) to work on /opt/airflow/dags/dag_uniprot.py
[2023-03-21T23:04:34.486+0000] {processor.py:743} INFO - Processing file /opt/airflow/dags/dag_uniprot.py for tasks to queue
[2023-03-21T23:04:34.487+0000] {logging_mixin.py:137} INFO - [2023-03-21T23:04:34.487+0000] {dagbag.py:532} INFO - Filling up the DagBag from /opt/airflow/dags/dag_uniprot.py
[2023-03-21T23:04:34.503+0000] {processor.py:753} INFO - DAG(s) dict_keys(['dag_uniprot']) retrieved from /opt/airflow/dags/dag_uniprot.py
[2023-03-21T23:04:34.523+0000] {logging_mixin.py:137} INFO - [2023-03-21T23:04:34.523+0000] {dag.py:2693} INFO - Sync 1 DAGs
[2023-03-21T23:04:34.538+0000] {logging_mixin.py:137} INFO - [2023-03-21T23:04:34.538+0000] {dag.py:3444} INFO - Setting next_dagrun for dag_uniprot to 2023-03-20T00:00:00+00:00, run_after=2023-03-21T00:00:00+00:00
[2023-03-21T23:04:34.550+0000] {processor.py:175} INFO - Processing /opt/airflow/dags/dag_uniprot.py took 0.068 seconds
[2023-03-21T23:05:04.778+0000] {processor.py:153} INFO - Started process (PID=469) to work on /opt/airflow/dags/dag_uniprot.py
[2023-03-21T23:05:04.780+0000] {processor.py:743} INFO - Processing file /opt/airflow/dags/dag_uniprot.py for tasks to queue
[2023-03-21T23:05:04.781+0000] {logging_mixin.py:137} INFO - [2023-03-21T23:05:04.781+0000] {dagbag.py:532} INFO - Filling up the DagBag from /opt/airflow/dags/dag_uniprot.py
[2023-03-21T23:05:04.803+0000] {processor.py:753} INFO - DAG(s) dict_keys(['dag_uniprot']) retrieved from /opt/airflow/dags/dag_uniprot.py
[2023-03-21T23:05:04.829+0000] {logging_mixin.py:137} INFO - [2023-03-21T23:05:04.829+0000] {dag.py:2693} INFO - Sync 1 DAGs
[2023-03-21T23:05:04.848+0000] {logging_mixin.py:137} INFO - [2023-03-21T23:05:04.848+0000] {dag.py:3444} INFO - Setting next_dagrun for dag_uniprot to 2023-03-20T00:00:00+00:00, run_after=2023-03-21T00:00:00+00:00
[2023-03-21T23:05:04.858+0000] {processor.py:175} INFO - Processing /opt/airflow/dags/dag_uniprot.py took 0.085 seconds
[2023-03-21T23:05:35.180+0000] {processor.py:153} INFO - Started process (PID=477) to work on /opt/airflow/dags/dag_uniprot.py
[2023-03-21T23:05:35.182+0000] {processor.py:743} INFO - Processing file /opt/airflow/dags/dag_uniprot.py for tasks to queue
[2023-03-21T23:05:35.184+0000] {logging_mixin.py:137} INFO - [2023-03-21T23:05:35.184+0000] {dagbag.py:532} INFO - Filling up the DagBag from /opt/airflow/dags/dag_uniprot.py
[2023-03-21T23:05:35.210+0000] {processor.py:753} INFO - DAG(s) dict_keys(['dag_uniprot']) retrieved from /opt/airflow/dags/dag_uniprot.py
[2023-03-21T23:05:35.235+0000] {logging_mixin.py:137} INFO - [2023-03-21T23:05:35.235+0000] {dag.py:2693} INFO - Sync 1 DAGs
[2023-03-21T23:05:35.254+0000] {logging_mixin.py:137} INFO - [2023-03-21T23:05:35.254+0000] {dag.py:3444} INFO - Setting next_dagrun for dag_uniprot to 2023-03-20T00:00:00+00:00, run_after=2023-03-21T00:00:00+00:00
[2023-03-21T23:05:35.265+0000] {processor.py:175} INFO - Processing /opt/airflow/dags/dag_uniprot.py took 0.093 seconds
[2023-03-21T23:06:05.530+0000] {processor.py:153} INFO - Started process (PID=485) to work on /opt/airflow/dags/dag_uniprot.py
[2023-03-21T23:06:05.533+0000] {processor.py:743} INFO - Processing file /opt/airflow/dags/dag_uniprot.py for tasks to queue
[2023-03-21T23:06:05.534+0000] {logging_mixin.py:137} INFO - [2023-03-21T23:06:05.534+0000] {dagbag.py:532} INFO - Filling up the DagBag from /opt/airflow/dags/dag_uniprot.py
[2023-03-21T23:06:05.555+0000] {processor.py:753} INFO - DAG(s) dict_keys(['dag_uniprot']) retrieved from /opt/airflow/dags/dag_uniprot.py
[2023-03-21T23:06:05.577+0000] {logging_mixin.py:137} INFO - [2023-03-21T23:06:05.577+0000] {dag.py:2693} INFO - Sync 1 DAGs
[2023-03-21T23:06:05.593+0000] {logging_mixin.py:137} INFO - [2023-03-21T23:06:05.593+0000] {dag.py:3444} INFO - Setting next_dagrun for dag_uniprot to 2023-03-20T00:00:00+00:00, run_after=2023-03-21T00:00:00+00:00
[2023-03-21T23:06:05.605+0000] {processor.py:175} INFO - Processing /opt/airflow/dags/dag_uniprot.py took 0.079 seconds
[2023-03-21T23:06:35.844+0000] {processor.py:153} INFO - Started process (PID=493) to work on /opt/airflow/dags/dag_uniprot.py
[2023-03-21T23:06:35.846+0000] {processor.py:743} INFO - Processing file /opt/airflow/dags/dag_uniprot.py for tasks to queue
[2023-03-21T23:06:35.847+0000] {logging_mixin.py:137} INFO - [2023-03-21T23:06:35.847+0000] {dagbag.py:532} INFO - Filling up the DagBag from /opt/airflow/dags/dag_uniprot.py
[2023-03-21T23:06:35.868+0000] {processor.py:753} INFO - DAG(s) dict_keys(['dag_uniprot']) retrieved from /opt/airflow/dags/dag_uniprot.py
[2023-03-21T23:06:35.892+0000] {logging_mixin.py:137} INFO - [2023-03-21T23:06:35.892+0000] {dag.py:2693} INFO - Sync 1 DAGs
[2023-03-21T23:06:35.910+0000] {logging_mixin.py:137} INFO - [2023-03-21T23:06:35.910+0000] {dag.py:3444} INFO - Setting next_dagrun for dag_uniprot to 2023-03-20T00:00:00+00:00, run_after=2023-03-21T00:00:00+00:00
[2023-03-21T23:06:35.923+0000] {processor.py:175} INFO - Processing /opt/airflow/dags/dag_uniprot.py took 0.085 seconds
